=== Comma3 模拟器导航数据导出 ===
导出时间: 2025-10-23 18:21:24
总消息数: 78
数据速率: 297.4 msg/s

=== 消息类型分布 ===
转弯引导: 58
其他数据: 20

=== 接收到的原始数据 ===

--- 消息 1 ---
时间戳: 1761214872.0667062
来源: 192.168.31.103:41821
数据大小: 1012 字节
数据内容: {'carrotIndex': 773, 'epochTime': 1761214738, 'timezone': 'Asia/Shanghai', 'latitude': 31.203741, 'longitude': 120.628044, 'heading': 0, 'accuracy': 58.5, 'gps_speed': 0, 'vpPosPointLat': 31.203741, 'vpPosPointLon': 120.628044, 'nPosAngle': 0, 'nPosSpeed': 0, 'goalPosX': 120.73184296488759, 'goalPosY': 31.35797854410409, 'szGoalName': '福斯流体控制(苏州)有限公司阀门事业部(唯新路)', 'nRoadLimitSpeed': 0, 'roadcate': 6, 'szPosRoadName': '无名道路', 'nSdiType': -1, 'nSdiSpeedLimit': 0, 'nSdiDist': 0, 'nSdiSection': 0, 'nSdiBlockType': -1, 'nSdiBlockSpeed': 0, 'nSdiBlockDist': 0, 'nSdiPlusType': -1, 'nSdiPlusSpeedLimit': 0, 'nSdiPlusDist': 0, 'nSdiPlusBlockType': -1, 'nSdiPlusBlockSpeed': 0, 'nSdiPlusBlockDist': 0, 'nTBTDist': 0, 'nTBTTurnType': 55, 'szTBTMainText': '直行进入秋湖街，5米', 'szNearDirName': '秋湖街', 'szFarDirName': '', 'nTBTNextRoadWidth': 0, 'nTBTDistNext': 0, 'nTBTTurnTypeNext': 51, 'szTBTMainTextNext': '直行', 'nGoPosDist': 28617, 'nGoPosTime': 3180, 'isNavigating': True, 'carrotCmd': 'LANECHANGE', 'carrotArg': 'RIGHT'}

--- 消息 2 ---
时间戳: 1761214872.2395048
来源: 192.168.31.103:41821
数据大小: 1012 字节
数据内容: {'carrotIndex': 774, 'epochTime': 1761214738, 'timezone': 'Asia/Shanghai', 'latitude': 31.203741, 'longitude': 120.628044, 'heading': 0, 'accuracy': 58.5, 'gps_speed': 0, 'vpPosPointLat': 31.203741, 'vpPosPointLon': 120.628044, 'nPosAngle': 0, 'nPosSpeed': 0, 'goalPosX': 120.73184296488759, 'goalPosY': 31.35797854410409, 'szGoalName': '福斯流体控制(苏州)有限公司阀门事业部(唯新路)', 'nRoadLimitSpeed': 0, 'roadcate': 6, 'szPosRoadName': '无名道路', 'nSdiType': -1, 'nSdiSpeedLimit': 0, 'nSdiDist': 0, 'nSdiSection': 0, 'nSdiBlockType': -1, 'nSdiBlockSpeed': 0, 'nSdiBlockDist': 0, 'nSdiPlusType': -1, 'nSdiPlusSpeedLimit': 0, 'nSdiPlusDist': 0, 'nSdiPlusBlockType': -1, 'nSdiPlusBlockSpeed': 0, 'nSdiPlusBlockDist': 0, 'nTBTDist': 0, 'nTBTTurnType': 55, 'szTBTMainText': '直行进入秋湖街，5米', 'szNearDirName': '秋湖街', 'szFarDirName': '', 'nTBTNextRoadWidth': 0, 'nTBTDistNext': 0, 'nTBTTurnTypeNext': 51, 'szTBTMainTextNext': '直行', 'nGoPosDist': 28617, 'nGoPosTime': 3180, 'isNavigating': True, 'carrotCmd': 'LANECHANGE', 'carrotArg': 'RIGHT'}

--- 消息 3 ---
时间戳: 1761214872.292737
来源: 192.168.31.103:41821
数据大小: 188 字节
数据内容: {'carrotIndex': 1761214874649, 'epochTime': 1761214874, 'timezone': 'Asia/Shanghai', 'carrotCmd': 'SPEED', 'carrotArg': 'UP', 'source': 'android_main_activity', 'remote': '192.168.31.118'}

--- 消息 4 ---
时间戳: 1761214872.4507399
来源: 192.168.31.103:41821
数据大小: 1004 字节
数据内容: {'carrotIndex': 775, 'epochTime': 1761214738, 'timezone': 'Asia/Shanghai', 'latitude': 31.203741, 'longitude': 120.628044, 'heading': 0, 'accuracy': 58.5, 'gps_speed': 0, 'vpPosPointLat': 31.203741, 'vpPosPointLon': 120.628044, 'nPosAngle': 0, 'nPosSpeed': 0, 'goalPosX': 120.73184296488759, 'goalPosY': 31.35797854410409, 'szGoalName': '福斯流体控制(苏州)有限公司阀门事业部(唯新路)', 'nRoadLimitSpeed': 0, 'roadcate': 6, 'szPosRoadName': '无名道路', 'nSdiType': -1, 'nSdiSpeedLimit': 0, 'nSdiDist': 0, 'nSdiSection': 0, 'nSdiBlockType': -1, 'nSdiBlockSpeed': 0, 'nSdiBlockDist': 0, 'nSdiPlusType': -1, 'nSdiPlusSpeedLimit': 0, 'nSdiPlusDist': 0, 'nSdiPlusBlockType': -1, 'nSdiPlusBlockSpeed': 0, 'nSdiPlusBlockDist': 0, 'nTBTDist': 0, 'nTBTTurnType': 55, 'szTBTMainText': '直行进入秋湖街，5米', 'szNearDirName': '秋湖街', 'szFarDirName': '', 'nTBTNextRoadWidth': 0, 'nTBTDistNext': 0, 'nTBTTurnTypeNext': 51, 'szTBTMainTextNext': '直行', 'nGoPosDist': 28617, 'nGoPosTime': 3180, 'isNavigating': True, 'carrotCmd': 'SPEED', 'carrotArg': 'UP'}

--- 消息 5 ---
时间戳: 1761214872.6575048
来源: 192.168.31.103:41821
数据大小: 142 字节
数据内容: {'carrotIndex': 776, 'epochTime': 1761214874, 'timezone': 'Asia/Shanghai', 'carrotCmd': 'heartbeat', 'carrotArg': '', 'source': 'android_app'}

--- 消息 6 ---
时间戳: 1761214872.6650107
来源: 192.168.31.103:41821
数据大小: 1004 字节
数据内容: {'carrotIndex': 777, 'epochTime': 1761214738, 'timezone': 'Asia/Shanghai', 'latitude': 31.203741, 'longitude': 120.628044, 'heading': 0, 'accuracy': 58.5, 'gps_speed': 0, 'vpPosPointLat': 31.203741, 'vpPosPointLon': 120.628044, 'nPosAngle': 0, 'nPosSpeed': 0, 'goalPosX': 120.73184296488759, 'goalPosY': 31.35797854410409, 'szGoalName': '福斯流体控制(苏州)有限公司阀门事业部(唯新路)', 'nRoadLimitSpeed': 0, 'roadcate': 6, 'szPosRoadName': '无名道路', 'nSdiType': -1, 'nSdiSpeedLimit': 0, 'nSdiDist': 0, 'nSdiSection': 0, 'nSdiBlockType': -1, 'nSdiBlockSpeed': 0, 'nSdiBlockDist': 0, 'nSdiPlusType': -1, 'nSdiPlusSpeedLimit': 0, 'nSdiPlusDist': 0, 'nSdiPlusBlockType': -1, 'nSdiPlusBlockSpeed': 0, 'nSdiPlusBlockDist': 0, 'nTBTDist': 0, 'nTBTTurnType': 55, 'szTBTMainText': '直行进入秋湖街，5米', 'szNearDirName': '秋湖街', 'szFarDirName': '', 'nTBTNextRoadWidth': 0, 'nTBTDistNext': 0, 'nTBTTurnTypeNext': 51, 'szTBTMainTextNext': '直行', 'nGoPosDist': 28617, 'nGoPosTime': 3180, 'isNavigating': True, 'carrotCmd': 'SPEED', 'carrotArg': 'UP'}

--- 消息 7 ---
时间戳: 1761214872.711811
来源: 192.168.31.103:41821
数据大小: 190 字节
数据内容: {'carrotIndex': 1761214875066, 'epochTime': 1761214875, 'timezone': 'Asia/Shanghai', 'carrotCmd': 'SPEED', 'carrotArg': 'DOWN', 'source': 'android_main_activity', 'remote': '192.168.31.118'}

--- 消息 8 ---
时间戳: 1761214872.8795228
来源: 192.168.31.103:41821
数据大小: 1006 字节
数据内容: {'carrotIndex': 778, 'epochTime': 1761214738, 'timezone': 'Asia/Shanghai', 'latitude': 31.203741, 'longitude': 120.628044, 'heading': 0, 'accuracy': 58.5, 'gps_speed': 0, 'vpPosPointLat': 31.203741, 'vpPosPointLon': 120.628044, 'nPosAngle': 0, 'nPosSpeed': 0, 'goalPosX': 120.73184296488759, 'goalPosY': 31.35797854410409, 'szGoalName': '福斯流体控制(苏州)有限公司阀门事业部(唯新路)', 'nRoadLimitSpeed': 0, 'roadcate': 6, 'szPosRoadName': '无名道路', 'nSdiType': -1, 'nSdiSpeedLimit': 0, 'nSdiDist': 0, 'nSdiSection': 0, 'nSdiBlockType': -1, 'nSdiBlockSpeed': 0, 'nSdiBlockDist': 0, 'nSdiPlusType': -1, 'nSdiPlusSpeedLimit': 0, 'nSdiPlusDist': 0, 'nSdiPlusBlockType': -1, 'nSdiPlusBlockSpeed': 0, 'nSdiPlusBlockDist': 0, 'nTBTDist': 0, 'nTBTTurnType': 55, 'szTBTMainText': '直行进入秋湖街，5米', 'szNearDirName': '秋湖街', 'szFarDirName': '', 'nTBTNextRoadWidth': 0, 'nTBTDistNext': 0, 'nTBTTurnTypeNext': 51, 'szTBTMainTextNext': '直行', 'nGoPosDist': 28617, 'nGoPosTime': 3180, 'isNavigating': True, 'carrotCmd': 'SPEED', 'carrotArg': 'DOWN'}

--- 消息 9 ---
时间戳: 1761214873.0790222
来源: 192.168.31.103:41821
数据大小: 1006 字节
数据内容: {'carrotIndex': 779, 'epochTime': 1761214738, 'timezone': 'Asia/Shanghai', 'latitude': 31.203741, 'longitude': 120.628044, 'heading': 0, 'accuracy': 58.5, 'gps_speed': 0, 'vpPosPointLat': 31.203741, 'vpPosPointLon': 120.628044, 'nPosAngle': 0, 'nPosSpeed': 0, 'goalPosX': 120.73184296488759, 'goalPosY': 31.35797854410409, 'szGoalName': '福斯流体控制(苏州)有限公司阀门事业部(唯新路)', 'nRoadLimitSpeed': 0, 'roadcate': 6, 'szPosRoadName': '无名道路', 'nSdiType': -1, 'nSdiSpeedLimit': 0, 'nSdiDist': 0, 'nSdiSection': 0, 'nSdiBlockType': -1, 'nSdiBlockSpeed': 0, 'nSdiBlockDist': 0, 'nSdiPlusType': -1, 'nSdiPlusSpeedLimit': 0, 'nSdiPlusDist': 0, 'nSdiPlusBlockType': -1, 'nSdiPlusBlockSpeed': 0, 'nSdiPlusBlockDist': 0, 'nTBTDist': 0, 'nTBTTurnType': 55, 'szTBTMainText': '直行进入秋湖街，5米', 'szNearDirName': '秋湖街', 'szFarDirName': '', 'nTBTNextRoadWidth': 0, 'nTBTDistNext': 0, 'nTBTTurnTypeNext': 51, 'szTBTMainTextNext': '直行', 'nGoPosDist': 28617, 'nGoPosTime': 3180, 'isNavigating': True, 'carrotCmd': 'SPEED', 'carrotArg': 'DOWN'}

--- 消息 10 ---
时间戳: 1761214873.196692
来源: 192.168.31.103:41821
数据大小: 195 字节
数据内容: {'carrotIndex': 1761214875532, 'epochTime': 1761214875, 'timezone': 'Asia/Shanghai', 'carrotCmd': 'LANECHANGE', 'carrotArg': 'LEFT', 'source': 'android_main_activity', 'remote': '192.168.31.118'}

--- 消息 11 ---
时间戳: 1761214873.2602673
来源: 192.168.31.103:41821
数据大小: 1011 字节
数据内容: {'carrotIndex': 780, 'epochTime': 1761214738, 'timezone': 'Asia/Shanghai', 'latitude': 31.203741, 'longitude': 120.628044, 'heading': 0, 'accuracy': 58.5, 'gps_speed': 0, 'vpPosPointLat': 31.203741, 'vpPosPointLon': 120.628044, 'nPosAngle': 0, 'nPosSpeed': 0, 'goalPosX': 120.73184296488759, 'goalPosY': 31.35797854410409, 'szGoalName': '福斯流体控制(苏州)有限公司阀门事业部(唯新路)', 'nRoadLimitSpeed': 0, 'roadcate': 6, 'szPosRoadName': '无名道路', 'nSdiType': -1, 'nSdiSpeedLimit': 0, 'nSdiDist': 0, 'nSdiSection': 0, 'nSdiBlockType': -1, 'nSdiBlockSpeed': 0, 'nSdiBlockDist': 0, 'nSdiPlusType': -1, 'nSdiPlusSpeedLimit': 0, 'nSdiPlusDist': 0, 'nSdiPlusBlockType': -1, 'nSdiPlusBlockSpeed': 0, 'nSdiPlusBlockDist': 0, 'nTBTDist': 0, 'nTBTTurnType': 55, 'szTBTMainText': '直行进入秋湖街，5米', 'szNearDirName': '秋湖街', 'szFarDirName': '', 'nTBTNextRoadWidth': 0, 'nTBTDistNext': 0, 'nTBTTurnTypeNext': 51, 'szTBTMainTextNext': '直行', 'nGoPosDist': 28617, 'nGoPosTime': 3180, 'isNavigating': True, 'carrotCmd': 'LANECHANGE', 'carrotArg': 'LEFT'}

--- 消息 12 ---
时间戳: 1761214873.4897966
来源: 192.168.31.103:41821
数据大小: 1011 字节
数据内容: {'carrotIndex': 781, 'epochTime': 1761214738, 'timezone': 'Asia/Shanghai', 'latitude': 31.203741, 'longitude': 120.628044, 'heading': 0, 'accuracy': 58.5, 'gps_speed': 0, 'vpPosPointLat': 31.203741, 'vpPosPointLon': 120.628044, 'nPosAngle': 0, 'nPosSpeed': 0, 'goalPosX': 120.73184296488759, 'goalPosY': 31.35797854410409, 'szGoalName': '福斯流体控制(苏州)有限公司阀门事业部(唯新路)', 'nRoadLimitSpeed': 0, 'roadcate': 6, 'szPosRoadName': '无名道路', 'nSdiType': -1, 'nSdiSpeedLimit': 0, 'nSdiDist': 0, 'nSdiSection': 0, 'nSdiBlockType': -1, 'nSdiBlockSpeed': 0, 'nSdiBlockDist': 0, 'nSdiPlusType': -1, 'nSdiPlusSpeedLimit': 0, 'nSdiPlusDist': 0, 'nSdiPlusBlockType': -1, 'nSdiPlusBlockSpeed': 0, 'nSdiPlusBlockDist': 0, 'nTBTDist': 0, 'nTBTTurnType': 55, 'szTBTMainText': '直行进入秋湖街，5米', 'szNearDirName': '秋湖街', 'szFarDirName': '', 'nTBTNextRoadWidth': 0, 'nTBTDistNext': 0, 'nTBTTurnTypeNext': 51, 'szTBTMainTextNext': '直行', 'nGoPosDist': 28617, 'nGoPosTime': 3180, 'isNavigating': True, 'carrotCmd': 'LANECHANGE', 'carrotArg': 'LEFT'}

--- 消息 13 ---
时间戳: 1761214873.6755486
来源: 192.168.31.103:41821
数据大小: 142 字节
数据内容: {'carrotIndex': 782, 'epochTime': 1761214876, 'timezone': 'Asia/Shanghai', 'carrotCmd': 'heartbeat', 'carrotArg': '', 'source': 'android_app'}

--- 消息 14 ---
时间戳: 1761214873.6853986
来源: 192.168.31.103:41821
数据大小: 1011 字节
数据内容: {'carrotIndex': 783, 'epochTime': 1761214738, 'timezone': 'Asia/Shanghai', 'latitude': 31.203741, 'longitude': 120.628044, 'heading': 0, 'accuracy': 58.5, 'gps_speed': 0, 'vpPosPointLat': 31.203741, 'vpPosPointLon': 120.628044, 'nPosAngle': 0, 'nPosSpeed': 0, 'goalPosX': 120.73184296488759, 'goalPosY': 31.35797854410409, 'szGoalName': '福斯流体控制(苏州)有限公司阀门事业部(唯新路)', 'nRoadLimitSpeed': 0, 'roadcate': 6, 'szPosRoadName': '无名道路', 'nSdiType': -1, 'nSdiSpeedLimit': 0, 'nSdiDist': 0, 'nSdiSection': 0, 'nSdiBlockType': -1, 'nSdiBlockSpeed': 0, 'nSdiBlockDist': 0, 'nSdiPlusType': -1, 'nSdiPlusSpeedLimit': 0, 'nSdiPlusDist': 0, 'nSdiPlusBlockType': -1, 'nSdiPlusBlockSpeed': 0, 'nSdiPlusBlockDist': 0, 'nTBTDist': 0, 'nTBTTurnType': 55, 'szTBTMainText': '直行进入秋湖街，5米', 'szNearDirName': '秋湖街', 'szFarDirName': '', 'nTBTNextRoadWidth': 0, 'nTBTDistNext': 0, 'nTBTTurnTypeNext': 51, 'szTBTMainTextNext': '直行', 'nGoPosDist': 28617, 'nGoPosTime': 3180, 'isNavigating': True, 'carrotCmd': 'LANECHANGE', 'carrotArg': 'LEFT'}

--- 消息 15 ---
时间戳: 1761214873.7094796
来源: 192.168.31.103:41821
数据大小: 196 字节
数据内容: {'carrotIndex': 1761214876056, 'epochTime': 1761214876, 'timezone': 'Asia/Shanghai', 'carrotCmd': 'LANECHANGE', 'carrotArg': 'RIGHT', 'source': 'android_main_activity', 'remote': '192.168.31.118'}

--- 消息 16 ---
时间戳: 1761214873.964004
来源: 192.168.31.103:41821
数据大小: 1012 字节
数据内容: {'carrotIndex': 784, 'epochTime': 1761214738, 'timezone': 'Asia/Shanghai', 'latitude': 31.203741, 'longitude': 120.628044, 'heading': 0, 'accuracy': 58.5, 'gps_speed': 0, 'vpPosPointLat': 31.203741, 'vpPosPointLon': 120.628044, 'nPosAngle': 0, 'nPosSpeed': 0, 'goalPosX': 120.73184296488759, 'goalPosY': 31.35797854410409, 'szGoalName': '福斯流体控制(苏州)有限公司阀门事业部(唯新路)', 'nRoadLimitSpeed': 0, 'roadcate': 6, 'szPosRoadName': '无名道路', 'nSdiType': -1, 'nSdiSpeedLimit': 0, 'nSdiDist': 0, 'nSdiSection': 0, 'nSdiBlockType': -1, 'nSdiBlockSpeed': 0, 'nSdiBlockDist': 0, 'nSdiPlusType': -1, 'nSdiPlusSpeedLimit': 0, 'nSdiPlusDist': 0, 'nSdiPlusBlockType': -1, 'nSdiPlusBlockSpeed': 0, 'nSdiPlusBlockDist': 0, 'nTBTDist': 0, 'nTBTTurnType': 55, 'szTBTMainText': '直行进入秋湖街，5米', 'szNearDirName': '秋湖街', 'szFarDirName': '', 'nTBTNextRoadWidth': 0, 'nTBTDistNext': 0, 'nTBTTurnTypeNext': 51, 'szTBTMainTextNext': '直行', 'nGoPosDist': 28617, 'nGoPosTime': 3180, 'isNavigating': True, 'carrotCmd': 'LANECHANGE', 'carrotArg': 'RIGHT'}

--- 消息 17 ---
时间戳: 1761214874.1027694
来源: 192.168.31.103:41821
数据大小: 1012 字节
数据内容: {'carrotIndex': 785, 'epochTime': 1761214738, 'timezone': 'Asia/Shanghai', 'latitude': 31.203741, 'longitude': 120.628044, 'heading': 0, 'accuracy': 58.5, 'gps_speed': 0, 'vpPosPointLat': 31.203741, 'vpPosPointLon': 120.628044, 'nPosAngle': 0, 'nPosSpeed': 0, 'goalPosX': 120.73184296488759, 'goalPosY': 31.35797854410409, 'szGoalName': '福斯流体控制(苏州)有限公司阀门事业部(唯新路)', 'nRoadLimitSpeed': 0, 'roadcate': 6, 'szPosRoadName': '无名道路', 'nSdiType': -1, 'nSdiSpeedLimit': 0, 'nSdiDist': 0, 'nSdiSection': 0, 'nSdiBlockType': -1, 'nSdiBlockSpeed': 0, 'nSdiBlockDist': 0, 'nSdiPlusType': -1, 'nSdiPlusSpeedLimit': 0, 'nSdiPlusDist': 0, 'nSdiPlusBlockType': -1, 'nSdiPlusBlockSpeed': 0, 'nSdiPlusBlockDist': 0, 'nTBTDist': 0, 'nTBTTurnType': 55, 'szTBTMainText': '直行进入秋湖街，5米', 'szNearDirName': '秋湖街', 'szFarDirName': '', 'nTBTNextRoadWidth': 0, 'nTBTDistNext': 0, 'nTBTTurnTypeNext': 51, 'szTBTMainTextNext': '直行', 'nGoPosDist': 28617, 'nGoPosTime': 3180, 'isNavigating': True, 'carrotCmd': 'LANECHANGE', 'carrotArg': 'RIGHT'}

--- 消息 18 ---
时间戳: 1761214874.279765
来源: 192.168.31.103:41821
数据大小: 1012 字节
数据内容: {'carrotIndex': 786, 'epochTime': 1761214738, 'timezone': 'Asia/Shanghai', 'latitude': 31.203741, 'longitude': 120.628044, 'heading': 0, 'accuracy': 58.5, 'gps_speed': 0, 'vpPosPointLat': 31.203741, 'vpPosPointLon': 120.628044, 'nPosAngle': 0, 'nPosSpeed': 0, 'goalPosX': 120.73184296488759, 'goalPosY': 31.35797854410409, 'szGoalName': '福斯流体控制(苏州)有限公司阀门事业部(唯新路)', 'nRoadLimitSpeed': 0, 'roadcate': 6, 'szPosRoadName': '无名道路', 'nSdiType': -1, 'nSdiSpeedLimit': 0, 'nSdiDist': 0, 'nSdiSection': 0, 'nSdiBlockType': -1, 'nSdiBlockSpeed': 0, 'nSdiBlockDist': 0, 'nSdiPlusType': -1, 'nSdiPlusSpeedLimit': 0, 'nSdiPlusDist': 0, 'nSdiPlusBlockType': -1, 'nSdiPlusBlockSpeed': 0, 'nSdiPlusBlockDist': 0, 'nTBTDist': 0, 'nTBTTurnType': 55, 'szTBTMainText': '直行进入秋湖街，5米', 'szNearDirName': '秋湖街', 'szFarDirName': '', 'nTBTNextRoadWidth': 0, 'nTBTDistNext': 0, 'nTBTTurnTypeNext': 51, 'szTBTMainTextNext': '直行', 'nGoPosDist': 28617, 'nGoPosTime': 3180, 'isNavigating': True, 'carrotCmd': 'LANECHANGE', 'carrotArg': 'RIGHT'}

--- 消息 19 ---
时间戳: 1761214874.4918497
来源: 192.168.31.103:41821
数据大小: 1012 字节
数据内容: {'carrotIndex': 787, 'epochTime': 1761214738, 'timezone': 'Asia/Shanghai', 'latitude': 31.203741, 'longitude': 120.628044, 'heading': 0, 'accuracy': 58.5, 'gps_speed': 0, 'vpPosPointLat': 31.203741, 'vpPosPointLon': 120.628044, 'nPosAngle': 0, 'nPosSpeed': 0, 'goalPosX': 120.73184296488759, 'goalPosY': 31.35797854410409, 'szGoalName': '福斯流体控制(苏州)有限公司阀门事业部(唯新路)', 'nRoadLimitSpeed': 0, 'roadcate': 6, 'szPosRoadName': '无名道路', 'nSdiType': -1, 'nSdiSpeedLimit': 0, 'nSdiDist': 0, 'nSdiSection': 0, 'nSdiBlockType': -1, 'nSdiBlockSpeed': 0, 'nSdiBlockDist': 0, 'nSdiPlusType': -1, 'nSdiPlusSpeedLimit': 0, 'nSdiPlusDist': 0, 'nSdiPlusBlockType': -1, 'nSdiPlusBlockSpeed': 0, 'nSdiPlusBlockDist': 0, 'nTBTDist': 0, 'nTBTTurnType': 55, 'szTBTMainText': '直行进入秋湖街，5米', 'szNearDirName': '秋湖街', 'szFarDirName': '', 'nTBTNextRoadWidth': 0, 'nTBTDistNext': 0, 'nTBTTurnTypeNext': 51, 'szTBTMainTextNext': '直行', 'nGoPosDist': 28617, 'nGoPosTime': 3180, 'isNavigating': True, 'carrotCmd': 'LANECHANGE', 'carrotArg': 'RIGHT'}

--- 消息 20 ---
时间戳: 1761214874.6953733
来源: 192.168.31.103:41821
数据大小: 142 字节
数据内容: {'carrotIndex': 788, 'epochTime': 1761214877, 'timezone': 'Asia/Shanghai', 'carrotCmd': 'heartbeat', 'carrotArg': '', 'source': 'android_app'}

--- 消息 21 ---
时间戳: 1761214874.7050326
来源: 192.168.31.103:41821
数据大小: 1012 字节
数据内容: {'carrotIndex': 789, 'epochTime': 1761214738, 'timezone': 'Asia/Shanghai', 'latitude': 31.203741, 'longitude': 120.628044, 'heading': 0, 'accuracy': 58.5, 'gps_speed': 0, 'vpPosPointLat': 31.203741, 'vpPosPointLon': 120.628044, 'nPosAngle': 0, 'nPosSpeed': 0, 'goalPosX': 120.73184296488759, 'goalPosY': 31.35797854410409, 'szGoalName': '福斯流体控制(苏州)有限公司阀门事业部(唯新路)', 'nRoadLimitSpeed': 0, 'roadcate': 6, 'szPosRoadName': '无名道路', 'nSdiType': -1, 'nSdiSpeedLimit': 0, 'nSdiDist': 0, 'nSdiSection': 0, 'nSdiBlockType': -1, 'nSdiBlockSpeed': 0, 'nSdiBlockDist': 0, 'nSdiPlusType': -1, 'nSdiPlusSpeedLimit': 0, 'nSdiPlusDist': 0, 'nSdiPlusBlockType': -1, 'nSdiPlusBlockSpeed': 0, 'nSdiPlusBlockDist': 0, 'nTBTDist': 0, 'nTBTTurnType': 55, 'szTBTMainText': '直行进入秋湖街，5米', 'szNearDirName': '秋湖街', 'szFarDirName': '', 'nTBTNextRoadWidth': 0, 'nTBTDistNext': 0, 'nTBTTurnTypeNext': 51, 'szTBTMainTextNext': '直行', 'nGoPosDist': 28617, 'nGoPosTime': 3180, 'isNavigating': True, 'carrotCmd': 'LANECHANGE', 'carrotArg': 'RIGHT'}

--- 消息 22 ---
时间戳: 1761214874.9004993
来源: 192.168.31.103:41821
数据大小: 1012 字节
数据内容: {'carrotIndex': 790, 'epochTime': 1761214738, 'timezone': 'Asia/Shanghai', 'latitude': 31.203741, 'longitude': 120.628044, 'heading': 0, 'accuracy': 58.5, 'gps_speed': 0, 'vpPosPointLat': 31.203741, 'vpPosPointLon': 120.628044, 'nPosAngle': 0, 'nPosSpeed': 0, 'goalPosX': 120.73184296488759, 'goalPosY': 31.35797854410409, 'szGoalName': '福斯流体控制(苏州)有限公司阀门事业部(唯新路)', 'nRoadLimitSpeed': 0, 'roadcate': 6, 'szPosRoadName': '无名道路', 'nSdiType': -1, 'nSdiSpeedLimit': 0, 'nSdiDist': 0, 'nSdiSection': 0, 'nSdiBlockType': -1, 'nSdiBlockSpeed': 0, 'nSdiBlockDist': 0, 'nSdiPlusType': -1, 'nSdiPlusSpeedLimit': 0, 'nSdiPlusDist': 0, 'nSdiPlusBlockType': -1, 'nSdiPlusBlockSpeed': 0, 'nSdiPlusBlockDist': 0, 'nTBTDist': 0, 'nTBTTurnType': 55, 'szTBTMainText': '直行进入秋湖街，5米', 'szNearDirName': '秋湖街', 'szFarDirName': '', 'nTBTNextRoadWidth': 0, 'nTBTDistNext': 0, 'nTBTTurnTypeNext': 51, 'szTBTMainTextNext': '直行', 'nGoPosDist': 28617, 'nGoPosTime': 3180, 'isNavigating': True, 'carrotCmd': 'LANECHANGE', 'carrotArg': 'RIGHT'}

--- 消息 23 ---
时间戳: 1761214874.9274948
来源: 192.168.31.103:41821
数据大小: 196 字节
数据内容: {'carrotIndex': 1761214877269, 'epochTime': 1761214877, 'timezone': 'Asia/Shanghai', 'carrotCmd': 'LANECHANGE', 'carrotArg': 'RIGHT', 'source': 'android_main_activity', 'remote': '192.168.31.118'}

--- 消息 24 ---
时间戳: 1761214875.0950797
来源: 192.168.31.103:41821
数据大小: 1012 字节
数据内容: {'carrotIndex': 791, 'epochTime': 1761214738, 'timezone': 'Asia/Shanghai', 'latitude': 31.203741, 'longitude': 120.628044, 'heading': 0, 'accuracy': 58.5, 'gps_speed': 0, 'vpPosPointLat': 31.203741, 'vpPosPointLon': 120.628044, 'nPosAngle': 0, 'nPosSpeed': 0, 'goalPosX': 120.73184296488759, 'goalPosY': 31.35797854410409, 'szGoalName': '福斯流体控制(苏州)有限公司阀门事业部(唯新路)', 'nRoadLimitSpeed': 0, 'roadcate': 6, 'szPosRoadName': '无名道路', 'nSdiType': -1, 'nSdiSpeedLimit': 0, 'nSdiDist': 0, 'nSdiSection': 0, 'nSdiBlockType': -1, 'nSdiBlockSpeed': 0, 'nSdiBlockDist': 0, 'nSdiPlusType': -1, 'nSdiPlusSpeedLimit': 0, 'nSdiPlusDist': 0, 'nSdiPlusBlockType': -1, 'nSdiPlusBlockSpeed': 0, 'nSdiPlusBlockDist': 0, 'nTBTDist': 0, 'nTBTTurnType': 55, 'szTBTMainText': '直行进入秋湖街，5米', 'szNearDirName': '秋湖街', 'szFarDirName': '', 'nTBTNextRoadWidth': 0, 'nTBTDistNext': 0, 'nTBTTurnTypeNext': 51, 'szTBTMainTextNext': '直行', 'nGoPosDist': 28617, 'nGoPosTime': 3180, 'isNavigating': True, 'carrotCmd': 'LANECHANGE', 'carrotArg': 'RIGHT'}

--- 消息 25 ---
时间戳: 1761214875.2943614
来源: 192.168.31.103:41821
数据大小: 1012 字节
数据内容: {'carrotIndex': 792, 'epochTime': 1761214738, 'timezone': 'Asia/Shanghai', 'latitude': 31.203741, 'longitude': 120.628044, 'heading': 0, 'accuracy': 58.5, 'gps_speed': 0, 'vpPosPointLat': 31.203741, 'vpPosPointLon': 120.628044, 'nPosAngle': 0, 'nPosSpeed': 0, 'goalPosX': 120.73184296488759, 'goalPosY': 31.35797854410409, 'szGoalName': '福斯流体控制(苏州)有限公司阀门事业部(唯新路)', 'nRoadLimitSpeed': 0, 'roadcate': 6, 'szPosRoadName': '无名道路', 'nSdiType': -1, 'nSdiSpeedLimit': 0, 'nSdiDist': 0, 'nSdiSection': 0, 'nSdiBlockType': -1, 'nSdiBlockSpeed': 0, 'nSdiBlockDist': 0, 'nSdiPlusType': -1, 'nSdiPlusSpeedLimit': 0, 'nSdiPlusDist': 0, 'nSdiPlusBlockType': -1, 'nSdiPlusBlockSpeed': 0, 'nSdiPlusBlockDist': 0, 'nTBTDist': 0, 'nTBTTurnType': 55, 'szTBTMainText': '直行进入秋湖街，5米', 'szNearDirName': '秋湖街', 'szFarDirName': '', 'nTBTNextRoadWidth': 0, 'nTBTDistNext': 0, 'nTBTTurnTypeNext': 51, 'szTBTMainTextNext': '直行', 'nGoPosDist': 28617, 'nGoPosTime': 3180, 'isNavigating': True, 'carrotCmd': 'LANECHANGE', 'carrotArg': 'RIGHT'}

--- 消息 26 ---
时间戳: 1761214875.3185213
来源: 192.168.31.103:41821
数据大小: 195 字节
数据内容: {'carrotIndex': 1761214877662, 'epochTime': 1761214877, 'timezone': 'Asia/Shanghai', 'carrotCmd': 'LANECHANGE', 'carrotArg': 'LEFT', 'source': 'android_main_activity', 'remote': '192.168.31.118'}

--- 消息 27 ---
时间戳: 1761214875.5206666
来源: 192.168.31.103:41821
数据大小: 1011 字节
数据内容: {'carrotIndex': 793, 'epochTime': 1761214738, 'timezone': 'Asia/Shanghai', 'latitude': 31.203741, 'longitude': 120.628044, 'heading': 0, 'accuracy': 58.5, 'gps_speed': 0, 'vpPosPointLat': 31.203741, 'vpPosPointLon': 120.628044, 'nPosAngle': 0, 'nPosSpeed': 0, 'goalPosX': 120.73184296488759, 'goalPosY': 31.35797854410409, 'szGoalName': '福斯流体控制(苏州)有限公司阀门事业部(唯新路)', 'nRoadLimitSpeed': 0, 'roadcate': 6, 'szPosRoadName': '无名道路', 'nSdiType': -1, 'nSdiSpeedLimit': 0, 'nSdiDist': 0, 'nSdiSection': 0, 'nSdiBlockType': -1, 'nSdiBlockSpeed': 0, 'nSdiBlockDist': 0, 'nSdiPlusType': -1, 'nSdiPlusSpeedLimit': 0, 'nSdiPlusDist': 0, 'nSdiPlusBlockType': -1, 'nSdiPlusBlockSpeed': 0, 'nSdiPlusBlockDist': 0, 'nTBTDist': 0, 'nTBTTurnType': 55, 'szTBTMainText': '直行进入秋湖街，5米', 'szNearDirName': '秋湖街', 'szFarDirName': '', 'nTBTNextRoadWidth': 0, 'nTBTDistNext': 0, 'nTBTTurnTypeNext': 51, 'szTBTMainTextNext': '直行', 'nGoPosDist': 28617, 'nGoPosTime': 3180, 'isNavigating': True, 'carrotCmd': 'LANECHANGE', 'carrotArg': 'LEFT'}

--- 消息 28 ---
时间戳: 1761214875.6610649
来源: 192.168.31.103:41821
数据大小: 190 字节
数据内容: {'carrotIndex': 1761214877999, 'epochTime': 1761214877, 'timezone': 'Asia/Shanghai', 'carrotCmd': 'SPEED', 'carrotArg': 'DOWN', 'source': 'android_main_activity', 'remote': '192.168.31.118'}

--- 消息 29 ---
时间戳: 1761214875.7020311
来源: 192.168.31.103:41821
数据大小: 1006 字节
数据内容: {'carrotIndex': 794, 'epochTime': 1761214738, 'timezone': 'Asia/Shanghai', 'latitude': 31.203741, 'longitude': 120.628044, 'heading': 0, 'accuracy': 58.5, 'gps_speed': 0, 'vpPosPointLat': 31.203741, 'vpPosPointLon': 120.628044, 'nPosAngle': 0, 'nPosSpeed': 0, 'goalPosX': 120.73184296488759, 'goalPosY': 31.35797854410409, 'szGoalName': '福斯流体控制(苏州)有限公司阀门事业部(唯新路)', 'nRoadLimitSpeed': 0, 'roadcate': 6, 'szPosRoadName': '无名道路', 'nSdiType': -1, 'nSdiSpeedLimit': 0, 'nSdiDist': 0, 'nSdiSection': 0, 'nSdiBlockType': -1, 'nSdiBlockSpeed': 0, 'nSdiBlockDist': 0, 'nSdiPlusType': -1, 'nSdiPlusSpeedLimit': 0, 'nSdiPlusDist': 0, 'nSdiPlusBlockType': -1, 'nSdiPlusBlockSpeed': 0, 'nSdiPlusBlockDist': 0, 'nTBTDist': 0, 'nTBTTurnType': 55, 'szTBTMainText': '直行进入秋湖街，5米', 'szNearDirName': '秋湖街', 'szFarDirName': '', 'nTBTNextRoadWidth': 0, 'nTBTDistNext': 0, 'nTBTTurnTypeNext': 51, 'szTBTMainTextNext': '直行', 'nGoPosDist': 28617, 'nGoPosTime': 3180, 'isNavigating': True, 'carrotCmd': 'SPEED', 'carrotArg': 'DOWN'}

--- 消息 30 ---
时间戳: 1761214875.712715
来源: 192.168.31.103:41821
数据大小: 142 字节
数据内容: {'carrotIndex': 795, 'epochTime': 1761214878, 'timezone': 'Asia/Shanghai', 'carrotCmd': 'heartbeat', 'carrotArg': '', 'source': 'android_app'}

--- 消息 31 ---
时间戳: 1761214875.9224145
来源: 192.168.31.103:41821
数据大小: 1006 字节
数据内容: {'carrotIndex': 796, 'epochTime': 1761214738, 'timezone': 'Asia/Shanghai', 'latitude': 31.203741, 'longitude': 120.628044, 'heading': 0, 'accuracy': 58.5, 'gps_speed': 0, 'vpPosPointLat': 31.203741, 'vpPosPointLon': 120.628044, 'nPosAngle': 0, 'nPosSpeed': 0, 'goalPosX': 120.73184296488759, 'goalPosY': 31.35797854410409, 'szGoalName': '福斯流体控制(苏州)有限公司阀门事业部(唯新路)', 'nRoadLimitSpeed': 0, 'roadcate': 6, 'szPosRoadName': '无名道路', 'nSdiType': -1, 'nSdiSpeedLimit': 0, 'nSdiDist': 0, 'nSdiSection': 0, 'nSdiBlockType': -1, 'nSdiBlockSpeed': 0, 'nSdiBlockDist': 0, 'nSdiPlusType': -1, 'nSdiPlusSpeedLimit': 0, 'nSdiPlusDist': 0, 'nSdiPlusBlockType': -1, 'nSdiPlusBlockSpeed': 0, 'nSdiPlusBlockDist': 0, 'nTBTDist': 0, 'nTBTTurnType': 55, 'szTBTMainText': '直行进入秋湖街，5米', 'szNearDirName': '秋湖街', 'szFarDirName': '', 'nTBTNextRoadWidth': 0, 'nTBTDistNext': 0, 'nTBTTurnTypeNext': 51, 'szTBTMainTextNext': '直行', 'nGoPosDist': 28617, 'nGoPosTime': 3180, 'isNavigating': True, 'carrotCmd': 'SPEED', 'carrotArg': 'DOWN'}

--- 消息 32 ---
时间戳: 1761214875.9639719
来源: 192.168.31.103:41821
数据大小: 188 字节
数据内容: {'carrotIndex': 1761214878319, 'epochTime': 1761214878, 'timezone': 'Asia/Shanghai', 'carrotCmd': 'SPEED', 'carrotArg': 'UP', 'source': 'android_main_activity', 'remote': '192.168.31.118'}

--- 消息 33 ---
时间戳: 1761214876.1270635
来源: 192.168.31.103:41821
数据大小: 1004 字节
数据内容: {'carrotIndex': 797, 'epochTime': 1761214738, 'timezone': 'Asia/Shanghai', 'latitude': 31.203741, 'longitude': 120.628044, 'heading': 0, 'accuracy': 58.5, 'gps_speed': 0, 'vpPosPointLat': 31.203741, 'vpPosPointLon': 120.628044, 'nPosAngle': 0, 'nPosSpeed': 0, 'goalPosX': 120.73184296488759, 'goalPosY': 31.35797854410409, 'szGoalName': '福斯流体控制(苏州)有限公司阀门事业部(唯新路)', 'nRoadLimitSpeed': 0, 'roadcate': 6, 'szPosRoadName': '无名道路', 'nSdiType': -1, 'nSdiSpeedLimit': 0, 'nSdiDist': 0, 'nSdiSection': 0, 'nSdiBlockType': -1, 'nSdiBlockSpeed': 0, 'nSdiBlockDist': 0, 'nSdiPlusType': -1, 'nSdiPlusSpeedLimit': 0, 'nSdiPlusDist': 0, 'nSdiPlusBlockType': -1, 'nSdiPlusBlockSpeed': 0, 'nSdiPlusBlockDist': 0, 'nTBTDist': 0, 'nTBTTurnType': 55, 'szTBTMainText': '直行进入秋湖街，5米', 'szNearDirName': '秋湖街', 'szFarDirName': '', 'nTBTNextRoadWidth': 0, 'nTBTDistNext': 0, 'nTBTTurnTypeNext': 51, 'szTBTMainTextNext': '直行', 'nGoPosDist': 28617, 'nGoPosTime': 3180, 'isNavigating': True, 'carrotCmd': 'SPEED', 'carrotArg': 'UP'}

--- 消息 34 ---
时间戳: 1761214876.311491
来源: 192.168.31.103:41821
数据大小: 1004 字节
数据内容: {'carrotIndex': 798, 'epochTime': 1761214738, 'timezone': 'Asia/Shanghai', 'latitude': 31.203741, 'longitude': 120.628044, 'heading': 0, 'accuracy': 58.5, 'gps_speed': 0, 'vpPosPointLat': 31.203741, 'vpPosPointLon': 120.628044, 'nPosAngle': 0, 'nPosSpeed': 0, 'goalPosX': 120.73184296488759, 'goalPosY': 31.35797854410409, 'szGoalName': '福斯流体控制(苏州)有限公司阀门事业部(唯新路)', 'nRoadLimitSpeed': 0, 'roadcate': 6, 'szPosRoadName': '无名道路', 'nSdiType': -1, 'nSdiSpeedLimit': 0, 'nSdiDist': 0, 'nSdiSection': 0, 'nSdiBlockType': -1, 'nSdiBlockSpeed': 0, 'nSdiBlockDist': 0, 'nSdiPlusType': -1, 'nSdiPlusSpeedLimit': 0, 'nSdiPlusDist': 0, 'nSdiPlusBlockType': -1, 'nSdiPlusBlockSpeed': 0, 'nSdiPlusBlockDist': 0, 'nTBTDist': 0, 'nTBTTurnType': 55, 'szTBTMainText': '直行进入秋湖街，5米', 'szNearDirName': '秋湖街', 'szFarDirName': '', 'nTBTNextRoadWidth': 0, 'nTBTDistNext': 0, 'nTBTTurnTypeNext': 51, 'szTBTMainTextNext': '直行', 'nGoPosDist': 28617, 'nGoPosTime': 3180, 'isNavigating': True, 'carrotCmd': 'SPEED', 'carrotArg': 'UP'}

--- 消息 35 ---
时间戳: 1761214876.391655
来源: 192.168.31.103:41821
数据大小: 196 字节
数据内容: {'carrotIndex': 1761214878747, 'epochTime': 1761214878, 'timezone': 'Asia/Shanghai', 'carrotCmd': 'LANECHANGE', 'carrotArg': 'RIGHT', 'source': 'android_main_activity', 'remote': '192.168.31.118'}

--- 消息 36 ---
时间戳: 1761214876.522791
来源: 192.168.31.103:41821
数据大小: 1012 字节
数据内容: {'carrotIndex': 799, 'epochTime': 1761214738, 'timezone': 'Asia/Shanghai', 'latitude': 31.203741, 'longitude': 120.628044, 'heading': 0, 'accuracy': 58.5, 'gps_speed': 0, 'vpPosPointLat': 31.203741, 'vpPosPointLon': 120.628044, 'nPosAngle': 0, 'nPosSpeed': 0, 'goalPosX': 120.73184296488759, 'goalPosY': 31.35797854410409, 'szGoalName': '福斯流体控制(苏州)有限公司阀门事业部(唯新路)', 'nRoadLimitSpeed': 0, 'roadcate': 6, 'szPosRoadName': '无名道路', 'nSdiType': -1, 'nSdiSpeedLimit': 0, 'nSdiDist': 0, 'nSdiSection': 0, 'nSdiBlockType': -1, 'nSdiBlockSpeed': 0, 'nSdiBlockDist': 0, 'nSdiPlusType': -1, 'nSdiPlusSpeedLimit': 0, 'nSdiPlusDist': 0, 'nSdiPlusBlockType': -1, 'nSdiPlusBlockSpeed': 0, 'nSdiPlusBlockDist': 0, 'nTBTDist': 0, 'nTBTTurnType': 55, 'szTBTMainText': '直行进入秋湖街，5米', 'szNearDirName': '秋湖街', 'szFarDirName': '', 'nTBTNextRoadWidth': 0, 'nTBTDistNext': 0, 'nTBTTurnTypeNext': 51, 'szTBTMainTextNext': '直行', 'nGoPosDist': 28617, 'nGoPosTime': 3180, 'isNavigating': True, 'carrotCmd': 'LANECHANGE', 'carrotArg': 'RIGHT'}

--- 消息 37 ---
时间戳: 1761214876.7379684
来源: 192.168.31.103:41821
数据大小: 1012 字节
数据内容: {'carrotIndex': 800, 'epochTime': 1761214738, 'timezone': 'Asia/Shanghai', 'latitude': 31.203741, 'longitude': 120.628044, 'heading': 0, 'accuracy': 58.5, 'gps_speed': 0, 'vpPosPointLat': 31.203741, 'vpPosPointLon': 120.628044, 'nPosAngle': 0, 'nPosSpeed': 0, 'goalPosX': 120.73184296488759, 'goalPosY': 31.35797854410409, 'szGoalName': '福斯流体控制(苏州)有限公司阀门事业部(唯新路)', 'nRoadLimitSpeed': 0, 'roadcate': 6, 'szPosRoadName': '无名道路', 'nSdiType': -1, 'nSdiSpeedLimit': 0, 'nSdiDist': 0, 'nSdiSection': 0, 'nSdiBlockType': -1, 'nSdiBlockSpeed': 0, 'nSdiBlockDist': 0, 'nSdiPlusType': -1, 'nSdiPlusSpeedLimit': 0, 'nSdiPlusDist': 0, 'nSdiPlusBlockType': -1, 'nSdiPlusBlockSpeed': 0, 'nSdiPlusBlockDist': 0, 'nTBTDist': 0, 'nTBTTurnType': 55, 'szTBTMainText': '直行进入秋湖街，5米', 'szNearDirName': '秋湖街', 'szFarDirName': '', 'nTBTNextRoadWidth': 0, 'nTBTDistNext': 0, 'nTBTTurnTypeNext': 51, 'szTBTMainTextNext': '直行', 'nGoPosDist': 28617, 'nGoPosTime': 3180, 'isNavigating': True, 'carrotCmd': 'LANECHANGE', 'carrotArg': 'RIGHT'}

--- 消息 38 ---
时间戳: 1761214876.7481465
来源: 192.168.31.103:41821
数据大小: 142 字节
数据内容: {'carrotIndex': 801, 'epochTime': 1761214879, 'timezone': 'Asia/Shanghai', 'carrotCmd': 'heartbeat', 'carrotArg': '', 'source': 'android_app'}

--- 消息 39 ---
时间戳: 1761214876.937231
来源: 192.168.31.103:41821
数据大小: 1012 字节
数据内容: {'carrotIndex': 802, 'epochTime': 1761214738, 'timezone': 'Asia/Shanghai', 'latitude': 31.203741, 'longitude': 120.628044, 'heading': 0, 'accuracy': 58.5, 'gps_speed': 0, 'vpPosPointLat': 31.203741, 'vpPosPointLon': 120.628044, 'nPosAngle': 0, 'nPosSpeed': 0, 'goalPosX': 120.73184296488759, 'goalPosY': 31.35797854410409, 'szGoalName': '福斯流体控制(苏州)有限公司阀门事业部(唯新路)', 'nRoadLimitSpeed': 0, 'roadcate': 6, 'szPosRoadName': '无名道路', 'nSdiType': -1, 'nSdiSpeedLimit': 0, 'nSdiDist': 0, 'nSdiSection': 0, 'nSdiBlockType': -1, 'nSdiBlockSpeed': 0, 'nSdiBlockDist': 0, 'nSdiPlusType': -1, 'nSdiPlusSpeedLimit': 0, 'nSdiPlusDist': 0, 'nSdiPlusBlockType': -1, 'nSdiPlusBlockSpeed': 0, 'nSdiPlusBlockDist': 0, 'nTBTDist': 0, 'nTBTTurnType': 55, 'szTBTMainText': '直行进入秋湖街，5米', 'szNearDirName': '秋湖街', 'szFarDirName': '', 'nTBTNextRoadWidth': 0, 'nTBTDistNext': 0, 'nTBTTurnTypeNext': 51, 'szTBTMainTextNext': '直行', 'nGoPosDist': 28617, 'nGoPosTime': 3180, 'isNavigating': True, 'carrotCmd': 'LANECHANGE', 'carrotArg': 'RIGHT'}

--- 消息 40 ---
时间戳: 1761214877.1412582
来源: 192.168.31.103:41821
数据大小: 1012 字节
数据内容: {'carrotIndex': 803, 'epochTime': 1761214738, 'timezone': 'Asia/Shanghai', 'latitude': 31.203741, 'longitude': 120.628044, 'heading': 0, 'accuracy': 58.5, 'gps_speed': 0, 'vpPosPointLat': 31.203741, 'vpPosPointLon': 120.628044, 'nPosAngle': 0, 'nPosSpeed': 0, 'goalPosX': 120.73184296488759, 'goalPosY': 31.35797854410409, 'szGoalName': '福斯流体控制(苏州)有限公司阀门事业部(唯新路)', 'nRoadLimitSpeed': 0, 'roadcate': 6, 'szPosRoadName': '无名道路', 'nSdiType': -1, 'nSdiSpeedLimit': 0, 'nSdiDist': 0, 'nSdiSection': 0, 'nSdiBlockType': -1, 'nSdiBlockSpeed': 0, 'nSdiBlockDist': 0, 'nSdiPlusType': -1, 'nSdiPlusSpeedLimit': 0, 'nSdiPlusDist': 0, 'nSdiPlusBlockType': -1, 'nSdiPlusBlockSpeed': 0, 'nSdiPlusBlockDist': 0, 'nTBTDist': 0, 'nTBTTurnType': 55, 'szTBTMainText': '直行进入秋湖街，5米', 'szNearDirName': '秋湖街', 'szFarDirName': '', 'nTBTNextRoadWidth': 0, 'nTBTDistNext': 0, 'nTBTTurnTypeNext': 51, 'szTBTMainTextNext': '直行', 'nGoPosDist': 28617, 'nGoPosTime': 3180, 'isNavigating': True, 'carrotCmd': 'LANECHANGE', 'carrotArg': 'RIGHT'}

--- 消息 41 ---
时间戳: 1761214877.3263557
来源: 192.168.31.103:41821
数据大小: 1012 字节
数据内容: {'carrotIndex': 804, 'epochTime': 1761214738, 'timezone': 'Asia/Shanghai', 'latitude': 31.203741, 'longitude': 120.628044, 'heading': 0, 'accuracy': 58.5, 'gps_speed': 0, 'vpPosPointLat': 31.203741, 'vpPosPointLon': 120.628044, 'nPosAngle': 0, 'nPosSpeed': 0, 'goalPosX': 120.73184296488759, 'goalPosY': 31.35797854410409, 'szGoalName': '福斯流体控制(苏州)有限公司阀门事业部(唯新路)', 'nRoadLimitSpeed': 0, 'roadcate': 6, 'szPosRoadName': '无名道路', 'nSdiType': -1, 'nSdiSpeedLimit': 0, 'nSdiDist': 0, 'nSdiSection': 0, 'nSdiBlockType': -1, 'nSdiBlockSpeed': 0, 'nSdiBlockDist': 0, 'nSdiPlusType': -1, 'nSdiPlusSpeedLimit': 0, 'nSdiPlusDist': 0, 'nSdiPlusBlockType': -1, 'nSdiPlusBlockSpeed': 0, 'nSdiPlusBlockDist': 0, 'nTBTDist': 0, 'nTBTTurnType': 55, 'szTBTMainText': '直行进入秋湖街，5米', 'szNearDirName': '秋湖街', 'szFarDirName': '', 'nTBTNextRoadWidth': 0, 'nTBTDistNext': 0, 'nTBTTurnTypeNext': 51, 'szTBTMainTextNext': '直行', 'nGoPosDist': 28617, 'nGoPosTime': 3180, 'isNavigating': True, 'carrotCmd': 'LANECHANGE', 'carrotArg': 'RIGHT'}

--- 消息 42 ---
时间戳: 1761214877.5470834
来源: 192.168.31.103:41821
数据大小: 1012 字节
数据内容: {'carrotIndex': 805, 'epochTime': 1761214738, 'timezone': 'Asia/Shanghai', 'latitude': 31.203741, 'longitude': 120.628044, 'heading': 0, 'accuracy': 58.5, 'gps_speed': 0, 'vpPosPointLat': 31.203741, 'vpPosPointLon': 120.628044, 'nPosAngle': 0, 'nPosSpeed': 0, 'goalPosX': 120.73184296488759, 'goalPosY': 31.35797854410409, 'szGoalName': '福斯流体控制(苏州)有限公司阀门事业部(唯新路)', 'nRoadLimitSpeed': 0, 'roadcate': 6, 'szPosRoadName': '无名道路', 'nSdiType': -1, 'nSdiSpeedLimit': 0, 'nSdiDist': 0, 'nSdiSection': 0, 'nSdiBlockType': -1, 'nSdiBlockSpeed': 0, 'nSdiBlockDist': 0, 'nSdiPlusType': -1, 'nSdiPlusSpeedLimit': 0, 'nSdiPlusDist': 0, 'nSdiPlusBlockType': -1, 'nSdiPlusBlockSpeed': 0, 'nSdiPlusBlockDist': 0, 'nTBTDist': 0, 'nTBTTurnType': 55, 'szTBTMainText': '直行进入秋湖街，5米', 'szNearDirName': '秋湖街', 'szFarDirName': '', 'nTBTNextRoadWidth': 0, 'nTBTDistNext': 0, 'nTBTTurnTypeNext': 51, 'szTBTMainTextNext': '直行', 'nGoPosDist': 28617, 'nGoPosTime': 3180, 'isNavigating': True, 'carrotCmd': 'LANECHANGE', 'carrotArg': 'RIGHT'}

--- 消息 43 ---
时间戳: 1761214877.755012
来源: 192.168.31.103:41821
数据大小: 1012 字节
数据内容: {'carrotIndex': 806, 'epochTime': 1761214738, 'timezone': 'Asia/Shanghai', 'latitude': 31.203741, 'longitude': 120.628044, 'heading': 0, 'accuracy': 58.5, 'gps_speed': 0, 'vpPosPointLat': 31.203741, 'vpPosPointLon': 120.628044, 'nPosAngle': 0, 'nPosSpeed': 0, 'goalPosX': 120.73184296488759, 'goalPosY': 31.35797854410409, 'szGoalName': '福斯流体控制(苏州)有限公司阀门事业部(唯新路)', 'nRoadLimitSpeed': 0, 'roadcate': 6, 'szPosRoadName': '无名道路', 'nSdiType': -1, 'nSdiSpeedLimit': 0, 'nSdiDist': 0, 'nSdiSection': 0, 'nSdiBlockType': -1, 'nSdiBlockSpeed': 0, 'nSdiBlockDist': 0, 'nSdiPlusType': -1, 'nSdiPlusSpeedLimit': 0, 'nSdiPlusDist': 0, 'nSdiPlusBlockType': -1, 'nSdiPlusBlockSpeed': 0, 'nSdiPlusBlockDist': 0, 'nTBTDist': 0, 'nTBTTurnType': 55, 'szTBTMainText': '直行进入秋湖街，5米', 'szNearDirName': '秋湖街', 'szFarDirName': '', 'nTBTNextRoadWidth': 0, 'nTBTDistNext': 0, 'nTBTTurnTypeNext': 51, 'szTBTMainTextNext': '直行', 'nGoPosDist': 28617, 'nGoPosTime': 3180, 'isNavigating': True, 'carrotCmd': 'LANECHANGE', 'carrotArg': 'RIGHT'}

--- 消息 44 ---
时间戳: 1761214877.76779
来源: 192.168.31.103:41821
数据大小: 142 字节
数据内容: {'carrotIndex': 807, 'epochTime': 1761214880, 'timezone': 'Asia/Shanghai', 'carrotCmd': 'heartbeat', 'carrotArg': '', 'source': 'android_app'}

--- 消息 45 ---
时间戳: 1761214877.960911
来源: 192.168.31.103:41821
数据大小: 1012 字节
数据内容: {'carrotIndex': 808, 'epochTime': 1761214738, 'timezone': 'Asia/Shanghai', 'latitude': 31.203741, 'longitude': 120.628044, 'heading': 0, 'accuracy': 58.5, 'gps_speed': 0, 'vpPosPointLat': 31.203741, 'vpPosPointLon': 120.628044, 'nPosAngle': 0, 'nPosSpeed': 0, 'goalPosX': 120.73184296488759, 'goalPosY': 31.35797854410409, 'szGoalName': '福斯流体控制(苏州)有限公司阀门事业部(唯新路)', 'nRoadLimitSpeed': 0, 'roadcate': 6, 'szPosRoadName': '无名道路', 'nSdiType': -1, 'nSdiSpeedLimit': 0, 'nSdiDist': 0, 'nSdiSection': 0, 'nSdiBlockType': -1, 'nSdiBlockSpeed': 0, 'nSdiBlockDist': 0, 'nSdiPlusType': -1, 'nSdiPlusSpeedLimit': 0, 'nSdiPlusDist': 0, 'nSdiPlusBlockType': -1, 'nSdiPlusBlockSpeed': 0, 'nSdiPlusBlockDist': 0, 'nTBTDist': 0, 'nTBTTurnType': 55, 'szTBTMainText': '直行进入秋湖街，5米', 'szNearDirName': '秋湖街', 'szFarDirName': '', 'nTBTNextRoadWidth': 0, 'nTBTDistNext': 0, 'nTBTTurnTypeNext': 51, 'szTBTMainTextNext': '直行', 'nGoPosDist': 28617, 'nGoPosTime': 3180, 'isNavigating': True, 'carrotCmd': 'LANECHANGE', 'carrotArg': 'RIGHT'}

--- 消息 46 ---
时间戳: 1761214878.1651137
来源: 192.168.31.103:41821
数据大小: 1012 字节
数据内容: {'carrotIndex': 809, 'epochTime': 1761214738, 'timezone': 'Asia/Shanghai', 'latitude': 31.203741, 'longitude': 120.628044, 'heading': 0, 'accuracy': 58.5, 'gps_speed': 0, 'vpPosPointLat': 31.203741, 'vpPosPointLon': 120.628044, 'nPosAngle': 0, 'nPosSpeed': 0, 'goalPosX': 120.73184296488759, 'goalPosY': 31.35797854410409, 'szGoalName': '福斯流体控制(苏州)有限公司阀门事业部(唯新路)', 'nRoadLimitSpeed': 0, 'roadcate': 6, 'szPosRoadName': '无名道路', 'nSdiType': -1, 'nSdiSpeedLimit': 0, 'nSdiDist': 0, 'nSdiSection': 0, 'nSdiBlockType': -1, 'nSdiBlockSpeed': 0, 'nSdiBlockDist': 0, 'nSdiPlusType': -1, 'nSdiPlusSpeedLimit': 0, 'nSdiPlusDist': 0, 'nSdiPlusBlockType': -1, 'nSdiPlusBlockSpeed': 0, 'nSdiPlusBlockDist': 0, 'nTBTDist': 0, 'nTBTTurnType': 55, 'szTBTMainText': '直行进入秋湖街，5米', 'szNearDirName': '秋湖街', 'szFarDirName': '', 'nTBTNextRoadWidth': 0, 'nTBTDistNext': 0, 'nTBTTurnTypeNext': 51, 'szTBTMainTextNext': '直行', 'nGoPosDist': 28617, 'nGoPosTime': 3180, 'isNavigating': True, 'carrotCmd': 'LANECHANGE', 'carrotArg': 'RIGHT'}

--- 消息 47 ---
时间戳: 1761214878.343895
来源: 192.168.31.103:41821
数据大小: 1012 字节
数据内容: {'carrotIndex': 810, 'epochTime': 1761214738, 'timezone': 'Asia/Shanghai', 'latitude': 31.203741, 'longitude': 120.628044, 'heading': 0, 'accuracy': 58.5, 'gps_speed': 0, 'vpPosPointLat': 31.203741, 'vpPosPointLon': 120.628044, 'nPosAngle': 0, 'nPosSpeed': 0, 'goalPosX': 120.73184296488759, 'goalPosY': 31.35797854410409, 'szGoalName': '福斯流体控制(苏州)有限公司阀门事业部(唯新路)', 'nRoadLimitSpeed': 0, 'roadcate': 6, 'szPosRoadName': '无名道路', 'nSdiType': -1, 'nSdiSpeedLimit': 0, 'nSdiDist': 0, 'nSdiSection': 0, 'nSdiBlockType': -1, 'nSdiBlockSpeed': 0, 'nSdiBlockDist': 0, 'nSdiPlusType': -1, 'nSdiPlusSpeedLimit': 0, 'nSdiPlusDist': 0, 'nSdiPlusBlockType': -1, 'nSdiPlusBlockSpeed': 0, 'nSdiPlusBlockDist': 0, 'nTBTDist': 0, 'nTBTTurnType': 55, 'szTBTMainText': '直行进入秋湖街，5米', 'szNearDirName': '秋湖街', 'szFarDirName': '', 'nTBTNextRoadWidth': 0, 'nTBTDistNext': 0, 'nTBTTurnTypeNext': 51, 'szTBTMainTextNext': '直行', 'nGoPosDist': 28617, 'nGoPosTime': 3180, 'isNavigating': True, 'carrotCmd': 'LANECHANGE', 'carrotArg': 'RIGHT'}

--- 消息 48 ---
时间戳: 1761214878.5725455
来源: 192.168.31.103:41821
数据大小: 1012 字节
数据内容: {'carrotIndex': 811, 'epochTime': 1761214738, 'timezone': 'Asia/Shanghai', 'latitude': 31.203741, 'longitude': 120.628044, 'heading': 0, 'accuracy': 58.5, 'gps_speed': 0, 'vpPosPointLat': 31.203741, 'vpPosPointLon': 120.628044, 'nPosAngle': 0, 'nPosSpeed': 0, 'goalPosX': 120.73184296488759, 'goalPosY': 31.35797854410409, 'szGoalName': '福斯流体控制(苏州)有限公司阀门事业部(唯新路)', 'nRoadLimitSpeed': 0, 'roadcate': 6, 'szPosRoadName': '无名道路', 'nSdiType': -1, 'nSdiSpeedLimit': 0, 'nSdiDist': 0, 'nSdiSection': 0, 'nSdiBlockType': -1, 'nSdiBlockSpeed': 0, 'nSdiBlockDist': 0, 'nSdiPlusType': -1, 'nSdiPlusSpeedLimit': 0, 'nSdiPlusDist': 0, 'nSdiPlusBlockType': -1, 'nSdiPlusBlockSpeed': 0, 'nSdiPlusBlockDist': 0, 'nTBTDist': 0, 'nTBTTurnType': 55, 'szTBTMainText': '直行进入秋湖街，5米', 'szNearDirName': '秋湖街', 'szFarDirName': '', 'nTBTNextRoadWidth': 0, 'nTBTDistNext': 0, 'nTBTTurnTypeNext': 51, 'szTBTMainTextNext': '直行', 'nGoPosDist': 28617, 'nGoPosTime': 3180, 'isNavigating': True, 'carrotCmd': 'LANECHANGE', 'carrotArg': 'RIGHT'}

--- 消息 49 ---
时间戳: 1761214878.7777226
来源: 192.168.31.103:41821
数据大小: 1012 字节
数据内容: {'carrotIndex': 812, 'epochTime': 1761214738, 'timezone': 'Asia/Shanghai', 'latitude': 31.203741, 'longitude': 120.628044, 'heading': 0, 'accuracy': 58.5, 'gps_speed': 0, 'vpPosPointLat': 31.203741, 'vpPosPointLon': 120.628044, 'nPosAngle': 0, 'nPosSpeed': 0, 'goalPosX': 120.73184296488759, 'goalPosY': 31.35797854410409, 'szGoalName': '福斯流体控制(苏州)有限公司阀门事业部(唯新路)', 'nRoadLimitSpeed': 0, 'roadcate': 6, 'szPosRoadName': '无名道路', 'nSdiType': -1, 'nSdiSpeedLimit': 0, 'nSdiDist': 0, 'nSdiSection': 0, 'nSdiBlockType': -1, 'nSdiBlockSpeed': 0, 'nSdiBlockDist': 0, 'nSdiPlusType': -1, 'nSdiPlusSpeedLimit': 0, 'nSdiPlusDist': 0, 'nSdiPlusBlockType': -1, 'nSdiPlusBlockSpeed': 0, 'nSdiPlusBlockDist': 0, 'nTBTDist': 0, 'nTBTTurnType': 55, 'szTBTMainText': '直行进入秋湖街，5米', 'szNearDirName': '秋湖街', 'szFarDirName': '', 'nTBTNextRoadWidth': 0, 'nTBTDistNext': 0, 'nTBTTurnTypeNext': 51, 'szTBTMainTextNext': '直行', 'nGoPosDist': 28617, 'nGoPosTime': 3180, 'isNavigating': True, 'carrotCmd': 'LANECHANGE', 'carrotArg': 'RIGHT'}

--- 消息 50 ---
时间戳: 1761214878.788248
来源: 192.168.31.103:41821
数据大小: 142 字节
数据内容: {'carrotIndex': 813, 'epochTime': 1761214881, 'timezone': 'Asia/Shanghai', 'carrotCmd': 'heartbeat', 'carrotArg': '', 'source': 'android_app'}

--- 消息 51 ---
时间戳: 1761214878.9802022
来源: 192.168.31.103:41821
数据大小: 1012 字节
数据内容: {'carrotIndex': 814, 'epochTime': 1761214738, 'timezone': 'Asia/Shanghai', 'latitude': 31.203741, 'longitude': 120.628044, 'heading': 0, 'accuracy': 58.5, 'gps_speed': 0, 'vpPosPointLat': 31.203741, 'vpPosPointLon': 120.628044, 'nPosAngle': 0, 'nPosSpeed': 0, 'goalPosX': 120.73184296488759, 'goalPosY': 31.35797854410409, 'szGoalName': '福斯流体控制(苏州)有限公司阀门事业部(唯新路)', 'nRoadLimitSpeed': 0, 'roadcate': 6, 'szPosRoadName': '无名道路', 'nSdiType': -1, 'nSdiSpeedLimit': 0, 'nSdiDist': 0, 'nSdiSection': 0, 'nSdiBlockType': -1, 'nSdiBlockSpeed': 0, 'nSdiBlockDist': 0, 'nSdiPlusType': -1, 'nSdiPlusSpeedLimit': 0, 'nSdiPlusDist': 0, 'nSdiPlusBlockType': -1, 'nSdiPlusBlockSpeed': 0, 'nSdiPlusBlockDist': 0, 'nTBTDist': 0, 'nTBTTurnType': 55, 'szTBTMainText': '直行进入秋湖街，5米', 'szNearDirName': '秋湖街', 'szFarDirName': '', 'nTBTNextRoadWidth': 0, 'nTBTDistNext': 0, 'nTBTTurnTypeNext': 51, 'szTBTMainTextNext': '直行', 'nGoPosDist': 28617, 'nGoPosTime': 3180, 'isNavigating': True, 'carrotCmd': 'LANECHANGE', 'carrotArg': 'RIGHT'}

--- 消息 52 ---
时间戳: 1761214879.186216
来源: 192.168.31.103:41821
数据大小: 1012 字节
数据内容: {'carrotIndex': 815, 'epochTime': 1761214738, 'timezone': 'Asia/Shanghai', 'latitude': 31.203741, 'longitude': 120.628044, 'heading': 0, 'accuracy': 58.5, 'gps_speed': 0, 'vpPosPointLat': 31.203741, 'vpPosPointLon': 120.628044, 'nPosAngle': 0, 'nPosSpeed': 0, 'goalPosX': 120.73184296488759, 'goalPosY': 31.35797854410409, 'szGoalName': '福斯流体控制(苏州)有限公司阀门事业部(唯新路)', 'nRoadLimitSpeed': 0, 'roadcate': 6, 'szPosRoadName': '无名道路', 'nSdiType': -1, 'nSdiSpeedLimit': 0, 'nSdiDist': 0, 'nSdiSection': 0, 'nSdiBlockType': -1, 'nSdiBlockSpeed': 0, 'nSdiBlockDist': 0, 'nSdiPlusType': -1, 'nSdiPlusSpeedLimit': 0, 'nSdiPlusDist': 0, 'nSdiPlusBlockType': -1, 'nSdiPlusBlockSpeed': 0, 'nSdiPlusBlockDist': 0, 'nTBTDist': 0, 'nTBTTurnType': 55, 'szTBTMainText': '直行进入秋湖街，5米', 'szNearDirName': '秋湖街', 'szFarDirName': '', 'nTBTNextRoadWidth': 0, 'nTBTDistNext': 0, 'nTBTTurnTypeNext': 51, 'szTBTMainTextNext': '直行', 'nGoPosDist': 28617, 'nGoPosTime': 3180, 'isNavigating': True, 'carrotCmd': 'LANECHANGE', 'carrotArg': 'RIGHT'}

--- 消息 53 ---
时间戳: 1761214879.373586
来源: 192.168.31.103:41821
数据大小: 1012 字节
数据内容: {'carrotIndex': 816, 'epochTime': 1761214738, 'timezone': 'Asia/Shanghai', 'latitude': 31.203741, 'longitude': 120.628044, 'heading': 0, 'accuracy': 58.5, 'gps_speed': 0, 'vpPosPointLat': 31.203741, 'vpPosPointLon': 120.628044, 'nPosAngle': 0, 'nPosSpeed': 0, 'goalPosX': 120.73184296488759, 'goalPosY': 31.35797854410409, 'szGoalName': '福斯流体控制(苏州)有限公司阀门事业部(唯新路)', 'nRoadLimitSpeed': 0, 'roadcate': 6, 'szPosRoadName': '无名道路', 'nSdiType': -1, 'nSdiSpeedLimit': 0, 'nSdiDist': 0, 'nSdiSection': 0, 'nSdiBlockType': -1, 'nSdiBlockSpeed': 0, 'nSdiBlockDist': 0, 'nSdiPlusType': -1, 'nSdiPlusSpeedLimit': 0, 'nSdiPlusDist': 0, 'nSdiPlusBlockType': -1, 'nSdiPlusBlockSpeed': 0, 'nSdiPlusBlockDist': 0, 'nTBTDist': 0, 'nTBTTurnType': 55, 'szTBTMainText': '直行进入秋湖街，5米', 'szNearDirName': '秋湖街', 'szFarDirName': '', 'nTBTNextRoadWidth': 0, 'nTBTDistNext': 0, 'nTBTTurnTypeNext': 51, 'szTBTMainTextNext': '直行', 'nGoPosDist': 28617, 'nGoPosTime': 3180, 'isNavigating': True, 'carrotCmd': 'LANECHANGE', 'carrotArg': 'RIGHT'}

--- 消息 54 ---
时间戳: 1761214879.5958707
来源: 192.168.31.103:41821
数据大小: 1012 字节
数据内容: {'carrotIndex': 817, 'epochTime': 1761214738, 'timezone': 'Asia/Shanghai', 'latitude': 31.203741, 'longitude': 120.628044, 'heading': 0, 'accuracy': 58.5, 'gps_speed': 0, 'vpPosPointLat': 31.203741, 'vpPosPointLon': 120.628044, 'nPosAngle': 0, 'nPosSpeed': 0, 'goalPosX': 120.73184296488759, 'goalPosY': 31.35797854410409, 'szGoalName': '福斯流体控制(苏州)有限公司阀门事业部(唯新路)', 'nRoadLimitSpeed': 0, 'roadcate': 6, 'szPosRoadName': '无名道路', 'nSdiType': -1, 'nSdiSpeedLimit': 0, 'nSdiDist': 0, 'nSdiSection': 0, 'nSdiBlockType': -1, 'nSdiBlockSpeed': 0, 'nSdiBlockDist': 0, 'nSdiPlusType': -1, 'nSdiPlusSpeedLimit': 0, 'nSdiPlusDist': 0, 'nSdiPlusBlockType': -1, 'nSdiPlusBlockSpeed': 0, 'nSdiPlusBlockDist': 0, 'nTBTDist': 0, 'nTBTTurnType': 55, 'szTBTMainText': '直行进入秋湖街，5米', 'szNearDirName': '秋湖街', 'szFarDirName': '', 'nTBTNextRoadWidth': 0, 'nTBTDistNext': 0, 'nTBTTurnTypeNext': 51, 'szTBTMainTextNext': '直行', 'nGoPosDist': 28617, 'nGoPosTime': 3180, 'isNavigating': True, 'carrotCmd': 'LANECHANGE', 'carrotArg': 'RIGHT'}

--- 消息 55 ---
时间戳: 1761214879.8211162
来源: 192.168.31.103:41821
数据大小: 1012 字节
数据内容: {'carrotIndex': 818, 'epochTime': 1761214738, 'timezone': 'Asia/Shanghai', 'latitude': 31.203741, 'longitude': 120.628044, 'heading': 0, 'accuracy': 58.5, 'gps_speed': 0, 'vpPosPointLat': 31.203741, 'vpPosPointLon': 120.628044, 'nPosAngle': 0, 'nPosSpeed': 0, 'goalPosX': 120.73184296488759, 'goalPosY': 31.35797854410409, 'szGoalName': '福斯流体控制(苏州)有限公司阀门事业部(唯新路)', 'nRoadLimitSpeed': 0, 'roadcate': 6, 'szPosRoadName': '无名道路', 'nSdiType': -1, 'nSdiSpeedLimit': 0, 'nSdiDist': 0, 'nSdiSection': 0, 'nSdiBlockType': -1, 'nSdiBlockSpeed': 0, 'nSdiBlockDist': 0, 'nSdiPlusType': -1, 'nSdiPlusSpeedLimit': 0, 'nSdiPlusDist': 0, 'nSdiPlusBlockType': -1, 'nSdiPlusBlockSpeed': 0, 'nSdiPlusBlockDist': 0, 'nTBTDist': 0, 'nTBTTurnType': 55, 'szTBTMainText': '直行进入秋湖街，5米', 'szNearDirName': '秋湖街', 'szFarDirName': '', 'nTBTNextRoadWidth': 0, 'nTBTDistNext': 0, 'nTBTTurnTypeNext': 51, 'szTBTMainTextNext': '直行', 'nGoPosDist': 28617, 'nGoPosTime': 3180, 'isNavigating': True, 'carrotCmd': 'LANECHANGE', 'carrotArg': 'RIGHT'}

--- 消息 56 ---
时间戳: 1761214879.910694
来源: 192.168.31.103:41821
数据大小: 142 字节
数据内容: {'carrotIndex': 819, 'epochTime': 1761214882, 'timezone': 'Asia/Shanghai', 'carrotCmd': 'heartbeat', 'carrotArg': '', 'source': 'android_app'}

--- 消息 57 ---
时间戳: 1761214880.0085332
来源: 192.168.31.103:41821
数据大小: 1012 字节
数据内容: {'carrotIndex': 820, 'epochTime': 1761214738, 'timezone': 'Asia/Shanghai', 'latitude': 31.203741, 'longitude': 120.628044, 'heading': 0, 'accuracy': 58.5, 'gps_speed': 0, 'vpPosPointLat': 31.203741, 'vpPosPointLon': 120.628044, 'nPosAngle': 0, 'nPosSpeed': 0, 'goalPosX': 120.73184296488759, 'goalPosY': 31.35797854410409, 'szGoalName': '福斯流体控制(苏州)有限公司阀门事业部(唯新路)', 'nRoadLimitSpeed': 0, 'roadcate': 6, 'szPosRoadName': '无名道路', 'nSdiType': -1, 'nSdiSpeedLimit': 0, 'nSdiDist': 0, 'nSdiSection': 0, 'nSdiBlockType': -1, 'nSdiBlockSpeed': 0, 'nSdiBlockDist': 0, 'nSdiPlusType': -1, 'nSdiPlusSpeedLimit': 0, 'nSdiPlusDist': 0, 'nSdiPlusBlockType': -1, 'nSdiPlusBlockSpeed': 0, 'nSdiPlusBlockDist': 0, 'nTBTDist': 0, 'nTBTTurnType': 55, 'szTBTMainText': '直行进入秋湖街，5米', 'szNearDirName': '秋湖街', 'szFarDirName': '', 'nTBTNextRoadWidth': 0, 'nTBTDistNext': 0, 'nTBTTurnTypeNext': 51, 'szTBTMainTextNext': '直行', 'nGoPosDist': 28617, 'nGoPosTime': 3180, 'isNavigating': True, 'carrotCmd': 'LANECHANGE', 'carrotArg': 'RIGHT'}

--- 消息 58 ---
时间戳: 1761214880.2087107
来源: 192.168.31.103:41821
数据大小: 1012 字节
数据内容: {'carrotIndex': 821, 'epochTime': 1761214738, 'timezone': 'Asia/Shanghai', 'latitude': 31.203741, 'longitude': 120.628044, 'heading': 0, 'accuracy': 58.5, 'gps_speed': 0, 'vpPosPointLat': 31.203741, 'vpPosPointLon': 120.628044, 'nPosAngle': 0, 'nPosSpeed': 0, 'goalPosX': 120.73184296488759, 'goalPosY': 31.35797854410409, 'szGoalName': '福斯流体控制(苏州)有限公司阀门事业部(唯新路)', 'nRoadLimitSpeed': 0, 'roadcate': 6, 'szPosRoadName': '无名道路', 'nSdiType': -1, 'nSdiSpeedLimit': 0, 'nSdiDist': 0, 'nSdiSection': 0, 'nSdiBlockType': -1, 'nSdiBlockSpeed': 0, 'nSdiBlockDist': 0, 'nSdiPlusType': -1, 'nSdiPlusSpeedLimit': 0, 'nSdiPlusDist': 0, 'nSdiPlusBlockType': -1, 'nSdiPlusBlockSpeed': 0, 'nSdiPlusBlockDist': 0, 'nTBTDist': 0, 'nTBTTurnType': 55, 'szTBTMainText': '直行进入秋湖街，5米', 'szNearDirName': '秋湖街', 'szFarDirName': '', 'nTBTNextRoadWidth': 0, 'nTBTDistNext': 0, 'nTBTTurnTypeNext': 51, 'szTBTMainTextNext': '直行', 'nGoPosDist': 28617, 'nGoPosTime': 3180, 'isNavigating': True, 'carrotCmd': 'LANECHANGE', 'carrotArg': 'RIGHT'}

--- 消息 59 ---
时间戳: 1761214880.3890524
来源: 192.168.31.103:41821
数据大小: 1012 字节
数据内容: {'carrotIndex': 822, 'epochTime': 1761214738, 'timezone': 'Asia/Shanghai', 'latitude': 31.203741, 'longitude': 120.628044, 'heading': 0, 'accuracy': 58.5, 'gps_speed': 0, 'vpPosPointLat': 31.203741, 'vpPosPointLon': 120.628044, 'nPosAngle': 0, 'nPosSpeed': 0, 'goalPosX': 120.73184296488759, 'goalPosY': 31.35797854410409, 'szGoalName': '福斯流体控制(苏州)有限公司阀门事业部(唯新路)', 'nRoadLimitSpeed': 0, 'roadcate': 6, 'szPosRoadName': '无名道路', 'nSdiType': -1, 'nSdiSpeedLimit': 0, 'nSdiDist': 0, 'nSdiSection': 0, 'nSdiBlockType': -1, 'nSdiBlockSpeed': 0, 'nSdiBlockDist': 0, 'nSdiPlusType': -1, 'nSdiPlusSpeedLimit': 0, 'nSdiPlusDist': 0, 'nSdiPlusBlockType': -1, 'nSdiPlusBlockSpeed': 0, 'nSdiPlusBlockDist': 0, 'nTBTDist': 0, 'nTBTTurnType': 55, 'szTBTMainText': '直行进入秋湖街，5米', 'szNearDirName': '秋湖街', 'szFarDirName': '', 'nTBTNextRoadWidth': 0, 'nTBTDistNext': 0, 'nTBTTurnTypeNext': 51, 'szTBTMainTextNext': '直行', 'nGoPosDist': 28617, 'nGoPosTime': 3180, 'isNavigating': True, 'carrotCmd': 'LANECHANGE', 'carrotArg': 'RIGHT'}

--- 消息 60 ---
时间戳: 1761214880.619605
来源: 192.168.31.103:41821
数据大小: 1012 字节
数据内容: {'carrotIndex': 823, 'epochTime': 1761214738, 'timezone': 'Asia/Shanghai', 'latitude': 31.203741, 'longitude': 120.628044, 'heading': 0, 'accuracy': 58.5, 'gps_speed': 0, 'vpPosPointLat': 31.203741, 'vpPosPointLon': 120.628044, 'nPosAngle': 0, 'nPosSpeed': 0, 'goalPosX': 120.73184296488759, 'goalPosY': 31.35797854410409, 'szGoalName': '福斯流体控制(苏州)有限公司阀门事业部(唯新路)', 'nRoadLimitSpeed': 0, 'roadcate': 6, 'szPosRoadName': '无名道路', 'nSdiType': -1, 'nSdiSpeedLimit': 0, 'nSdiDist': 0, 'nSdiSection': 0, 'nSdiBlockType': -1, 'nSdiBlockSpeed': 0, 'nSdiBlockDist': 0, 'nSdiPlusType': -1, 'nSdiPlusSpeedLimit': 0, 'nSdiPlusDist': 0, 'nSdiPlusBlockType': -1, 'nSdiPlusBlockSpeed': 0, 'nSdiPlusBlockDist': 0, 'nTBTDist': 0, 'nTBTTurnType': 55, 'szTBTMainText': '直行进入秋湖街，5米', 'szNearDirName': '秋湖街', 'szFarDirName': '', 'nTBTNextRoadWidth': 0, 'nTBTDistNext': 0, 'nTBTTurnTypeNext': 51, 'szTBTMainTextNext': '直行', 'nGoPosDist': 28617, 'nGoPosTime': 3180, 'isNavigating': True, 'carrotCmd': 'LANECHANGE', 'carrotArg': 'RIGHT'}

--- 消息 61 ---
时间戳: 1761214880.824637
来源: 192.168.31.103:41821
数据大小: 1012 字节
数据内容: {'carrotIndex': 824, 'epochTime': 1761214738, 'timezone': 'Asia/Shanghai', 'latitude': 31.203741, 'longitude': 120.628044, 'heading': 0, 'accuracy': 58.5, 'gps_speed': 0, 'vpPosPointLat': 31.203741, 'vpPosPointLon': 120.628044, 'nPosAngle': 0, 'nPosSpeed': 0, 'goalPosX': 120.73184296488759, 'goalPosY': 31.35797854410409, 'szGoalName': '福斯流体控制(苏州)有限公司阀门事业部(唯新路)', 'nRoadLimitSpeed': 0, 'roadcate': 6, 'szPosRoadName': '无名道路', 'nSdiType': -1, 'nSdiSpeedLimit': 0, 'nSdiDist': 0, 'nSdiSection': 0, 'nSdiBlockType': -1, 'nSdiBlockSpeed': 0, 'nSdiBlockDist': 0, 'nSdiPlusType': -1, 'nSdiPlusSpeedLimit': 0, 'nSdiPlusDist': 0, 'nSdiPlusBlockType': -1, 'nSdiPlusBlockSpeed': 0, 'nSdiPlusBlockDist': 0, 'nTBTDist': 0, 'nTBTTurnType': 55, 'szTBTMainText': '直行进入秋湖街，5米', 'szNearDirName': '秋湖街', 'szFarDirName': '', 'nTBTNextRoadWidth': 0, 'nTBTDistNext': 0, 'nTBTTurnTypeNext': 51, 'szTBTMainTextNext': '直行', 'nGoPosDist': 28617, 'nGoPosTime': 3180, 'isNavigating': True, 'carrotCmd': 'LANECHANGE', 'carrotArg': 'RIGHT'}

--- 消息 62 ---
时间戳: 1761214880.835777
来源: 192.168.31.103:41821
数据大小: 142 字节
数据内容: {'carrotIndex': 825, 'epochTime': 1761214883, 'timezone': 'Asia/Shanghai', 'carrotCmd': 'heartbeat', 'carrotArg': '', 'source': 'android_app'}

--- 消息 63 ---
时间戳: 1761214881.0290504
来源: 192.168.31.103:41821
数据大小: 1012 字节
数据内容: {'carrotIndex': 826, 'epochTime': 1761214738, 'timezone': 'Asia/Shanghai', 'latitude': 31.203741, 'longitude': 120.628044, 'heading': 0, 'accuracy': 58.5, 'gps_speed': 0, 'vpPosPointLat': 31.203741, 'vpPosPointLon': 120.628044, 'nPosAngle': 0, 'nPosSpeed': 0, 'goalPosX': 120.73184296488759, 'goalPosY': 31.35797854410409, 'szGoalName': '福斯流体控制(苏州)有限公司阀门事业部(唯新路)', 'nRoadLimitSpeed': 0, 'roadcate': 6, 'szPosRoadName': '无名道路', 'nSdiType': -1, 'nSdiSpeedLimit': 0, 'nSdiDist': 0, 'nSdiSection': 0, 'nSdiBlockType': -1, 'nSdiBlockSpeed': 0, 'nSdiBlockDist': 0, 'nSdiPlusType': -1, 'nSdiPlusSpeedLimit': 0, 'nSdiPlusDist': 0, 'nSdiPlusBlockType': -1, 'nSdiPlusBlockSpeed': 0, 'nSdiPlusBlockDist': 0, 'nTBTDist': 0, 'nTBTTurnType': 55, 'szTBTMainText': '直行进入秋湖街，5米', 'szNearDirName': '秋湖街', 'szFarDirName': '', 'nTBTNextRoadWidth': 0, 'nTBTDistNext': 0, 'nTBTTurnTypeNext': 51, 'szTBTMainTextNext': '直行', 'nGoPosDist': 28617, 'nGoPosTime': 3180, 'isNavigating': True, 'carrotCmd': 'LANECHANGE', 'carrotArg': 'RIGHT'}

--- 消息 64 ---
时间戳: 1761214881.2187946
来源: 192.168.31.103:41821
数据大小: 1012 字节
数据内容: {'carrotIndex': 827, 'epochTime': 1761214738, 'timezone': 'Asia/Shanghai', 'latitude': 31.203741, 'longitude': 120.628044, 'heading': 0, 'accuracy': 58.5, 'gps_speed': 0, 'vpPosPointLat': 31.203741, 'vpPosPointLon': 120.628044, 'nPosAngle': 0, 'nPosSpeed': 0, 'goalPosX': 120.73184296488759, 'goalPosY': 31.35797854410409, 'szGoalName': '福斯流体控制(苏州)有限公司阀门事业部(唯新路)', 'nRoadLimitSpeed': 0, 'roadcate': 6, 'szPosRoadName': '无名道路', 'nSdiType': -1, 'nSdiSpeedLimit': 0, 'nSdiDist': 0, 'nSdiSection': 0, 'nSdiBlockType': -1, 'nSdiBlockSpeed': 0, 'nSdiBlockDist': 0, 'nSdiPlusType': -1, 'nSdiPlusSpeedLimit': 0, 'nSdiPlusDist': 0, 'nSdiPlusBlockType': -1, 'nSdiPlusBlockSpeed': 0, 'nSdiPlusBlockDist': 0, 'nTBTDist': 0, 'nTBTTurnType': 55, 'szTBTMainText': '直行进入秋湖街，5米', 'szNearDirName': '秋湖街', 'szFarDirName': '', 'nTBTNextRoadWidth': 0, 'nTBTDistNext': 0, 'nTBTTurnTypeNext': 51, 'szTBTMainTextNext': '直行', 'nGoPosDist': 28617, 'nGoPosTime': 3180, 'isNavigating': True, 'carrotCmd': 'LANECHANGE', 'carrotArg': 'RIGHT'}

--- 消息 65 ---
时间戳: 1761214881.4274201
来源: 192.168.31.103:41821
数据大小: 1012 字节
数据内容: {'carrotIndex': 828, 'epochTime': 1761214738, 'timezone': 'Asia/Shanghai', 'latitude': 31.203741, 'longitude': 120.628044, 'heading': 0, 'accuracy': 58.5, 'gps_speed': 0, 'vpPosPointLat': 31.203741, 'vpPosPointLon': 120.628044, 'nPosAngle': 0, 'nPosSpeed': 0, 'goalPosX': 120.73184296488759, 'goalPosY': 31.35797854410409, 'szGoalName': '福斯流体控制(苏州)有限公司阀门事业部(唯新路)', 'nRoadLimitSpeed': 0, 'roadcate': 6, 'szPosRoadName': '无名道路', 'nSdiType': -1, 'nSdiSpeedLimit': 0, 'nSdiDist': 0, 'nSdiSection': 0, 'nSdiBlockType': -1, 'nSdiBlockSpeed': 0, 'nSdiBlockDist': 0, 'nSdiPlusType': -1, 'nSdiPlusSpeedLimit': 0, 'nSdiPlusDist': 0, 'nSdiPlusBlockType': -1, 'nSdiPlusBlockSpeed': 0, 'nSdiPlusBlockDist': 0, 'nTBTDist': 0, 'nTBTTurnType': 55, 'szTBTMainText': '直行进入秋湖街，5米', 'szNearDirName': '秋湖街', 'szFarDirName': '', 'nTBTNextRoadWidth': 0, 'nTBTDistNext': 0, 'nTBTTurnTypeNext': 51, 'szTBTMainTextNext': '直行', 'nGoPosDist': 28617, 'nGoPosTime': 3180, 'isNavigating': True, 'carrotCmd': 'LANECHANGE', 'carrotArg': 'RIGHT'}

--- 消息 66 ---
时间戳: 1761214881.644194
来源: 192.168.31.103:41821
数据大小: 1012 字节
数据内容: {'carrotIndex': 829, 'epochTime': 1761214738, 'timezone': 'Asia/Shanghai', 'latitude': 31.203741, 'longitude': 120.628044, 'heading': 0, 'accuracy': 58.5, 'gps_speed': 0, 'vpPosPointLat': 31.203741, 'vpPosPointLon': 120.628044, 'nPosAngle': 0, 'nPosSpeed': 0, 'goalPosX': 120.73184296488759, 'goalPosY': 31.35797854410409, 'szGoalName': '福斯流体控制(苏州)有限公司阀门事业部(唯新路)', 'nRoadLimitSpeed': 0, 'roadcate': 6, 'szPosRoadName': '无名道路', 'nSdiType': -1, 'nSdiSpeedLimit': 0, 'nSdiDist': 0, 'nSdiSection': 0, 'nSdiBlockType': -1, 'nSdiBlockSpeed': 0, 'nSdiBlockDist': 0, 'nSdiPlusType': -1, 'nSdiPlusSpeedLimit': 0, 'nSdiPlusDist': 0, 'nSdiPlusBlockType': -1, 'nSdiPlusBlockSpeed': 0, 'nSdiPlusBlockDist': 0, 'nTBTDist': 0, 'nTBTTurnType': 55, 'szTBTMainText': '直行进入秋湖街，5米', 'szNearDirName': '秋湖街', 'szFarDirName': '', 'nTBTNextRoadWidth': 0, 'nTBTDistNext': 0, 'nTBTTurnTypeNext': 51, 'szTBTMainTextNext': '直行', 'nGoPosDist': 28617, 'nGoPosTime': 3180, 'isNavigating': True, 'carrotCmd': 'LANECHANGE', 'carrotArg': 'RIGHT'}

--- 消息 67 ---
时间戳: 1761214881.8485506
来源: 192.168.31.103:41821
数据大小: 1012 字节
数据内容: {'carrotIndex': 830, 'epochTime': 1761214738, 'timezone': 'Asia/Shanghai', 'latitude': 31.203741, 'longitude': 120.628044, 'heading': 0, 'accuracy': 58.5, 'gps_speed': 0, 'vpPosPointLat': 31.203741, 'vpPosPointLon': 120.628044, 'nPosAngle': 0, 'nPosSpeed': 0, 'goalPosX': 120.73184296488759, 'goalPosY': 31.35797854410409, 'szGoalName': '福斯流体控制(苏州)有限公司阀门事业部(唯新路)', 'nRoadLimitSpeed': 0, 'roadcate': 6, 'szPosRoadName': '无名道路', 'nSdiType': -1, 'nSdiSpeedLimit': 0, 'nSdiDist': 0, 'nSdiSection': 0, 'nSdiBlockType': -1, 'nSdiBlockSpeed': 0, 'nSdiBlockDist': 0, 'nSdiPlusType': -1, 'nSdiPlusSpeedLimit': 0, 'nSdiPlusDist': 0, 'nSdiPlusBlockType': -1, 'nSdiPlusBlockSpeed': 0, 'nSdiPlusBlockDist': 0, 'nTBTDist': 0, 'nTBTTurnType': 55, 'szTBTMainText': '直行进入秋湖街，5米', 'szNearDirName': '秋湖街', 'szFarDirName': '', 'nTBTNextRoadWidth': 0, 'nTBTDistNext': 0, 'nTBTTurnTypeNext': 51, 'szTBTMainTextNext': '直行', 'nGoPosDist': 28617, 'nGoPosTime': 3180, 'isNavigating': True, 'carrotCmd': 'LANECHANGE', 'carrotArg': 'RIGHT'}

--- 消息 68 ---
时间戳: 1761214881.8601701
来源: 192.168.31.103:41821
数据大小: 142 字节
数据内容: {'carrotIndex': 831, 'epochTime': 1761214884, 'timezone': 'Asia/Shanghai', 'carrotCmd': 'heartbeat', 'carrotArg': '', 'source': 'android_app'}

--- 消息 69 ---
时间戳: 1761214882.0531912
来源: 192.168.31.103:41821
数据大小: 1012 字节
数据内容: {'carrotIndex': 832, 'epochTime': 1761214738, 'timezone': 'Asia/Shanghai', 'latitude': 31.203741, 'longitude': 120.628044, 'heading': 0, 'accuracy': 58.5, 'gps_speed': 0, 'vpPosPointLat': 31.203741, 'vpPosPointLon': 120.628044, 'nPosAngle': 0, 'nPosSpeed': 0, 'goalPosX': 120.73184296488759, 'goalPosY': 31.35797854410409, 'szGoalName': '福斯流体控制(苏州)有限公司阀门事业部(唯新路)', 'nRoadLimitSpeed': 0, 'roadcate': 6, 'szPosRoadName': '无名道路', 'nSdiType': -1, 'nSdiSpeedLimit': 0, 'nSdiDist': 0, 'nSdiSection': 0, 'nSdiBlockType': -1, 'nSdiBlockSpeed': 0, 'nSdiBlockDist': 0, 'nSdiPlusType': -1, 'nSdiPlusSpeedLimit': 0, 'nSdiPlusDist': 0, 'nSdiPlusBlockType': -1, 'nSdiPlusBlockSpeed': 0, 'nSdiPlusBlockDist': 0, 'nTBTDist': 0, 'nTBTTurnType': 55, 'szTBTMainText': '直行进入秋湖街，5米', 'szNearDirName': '秋湖街', 'szFarDirName': '', 'nTBTNextRoadWidth': 0, 'nTBTDistNext': 0, 'nTBTTurnTypeNext': 51, 'szTBTMainTextNext': '直行', 'nGoPosDist': 28617, 'nGoPosTime': 3180, 'isNavigating': True, 'carrotCmd': 'LANECHANGE', 'carrotArg': 'RIGHT'}

--- 消息 70 ---
时间戳: 1761214882.2360232
来源: 192.168.31.103:41821
数据大小: 1012 字节
数据内容: {'carrotIndex': 833, 'epochTime': 1761214738, 'timezone': 'Asia/Shanghai', 'latitude': 31.203741, 'longitude': 120.628044, 'heading': 0, 'accuracy': 58.5, 'gps_speed': 0, 'vpPosPointLat': 31.203741, 'vpPosPointLon': 120.628044, 'nPosAngle': 0, 'nPosSpeed': 0, 'goalPosX': 120.73184296488759, 'goalPosY': 31.35797854410409, 'szGoalName': '福斯流体控制(苏州)有限公司阀门事业部(唯新路)', 'nRoadLimitSpeed': 0, 'roadcate': 6, 'szPosRoadName': '无名道路', 'nSdiType': -1, 'nSdiSpeedLimit': 0, 'nSdiDist': 0, 'nSdiSection': 0, 'nSdiBlockType': -1, 'nSdiBlockSpeed': 0, 'nSdiBlockDist': 0, 'nSdiPlusType': -1, 'nSdiPlusSpeedLimit': 0, 'nSdiPlusDist': 0, 'nSdiPlusBlockType': -1, 'nSdiPlusBlockSpeed': 0, 'nSdiPlusBlockDist': 0, 'nTBTDist': 0, 'nTBTTurnType': 55, 'szTBTMainText': '直行进入秋湖街，5米', 'szNearDirName': '秋湖街', 'szFarDirName': '', 'nTBTNextRoadWidth': 0, 'nTBTDistNext': 0, 'nTBTTurnTypeNext': 51, 'szTBTMainTextNext': '直行', 'nGoPosDist': 28617, 'nGoPosTime': 3180, 'isNavigating': True, 'carrotCmd': 'LANECHANGE', 'carrotArg': 'RIGHT'}

--- 消息 71 ---
时间戳: 1761214882.462593
来源: 192.168.31.103:41821
数据大小: 1012 字节
数据内容: {'carrotIndex': 834, 'epochTime': 1761214738, 'timezone': 'Asia/Shanghai', 'latitude': 31.203741, 'longitude': 120.628044, 'heading': 0, 'accuracy': 58.5, 'gps_speed': 0, 'vpPosPointLat': 31.203741, 'vpPosPointLon': 120.628044, 'nPosAngle': 0, 'nPosSpeed': 0, 'goalPosX': 120.73184296488759, 'goalPosY': 31.35797854410409, 'szGoalName': '福斯流体控制(苏州)有限公司阀门事业部(唯新路)', 'nRoadLimitSpeed': 0, 'roadcate': 6, 'szPosRoadName': '无名道路', 'nSdiType': -1, 'nSdiSpeedLimit': 0, 'nSdiDist': 0, 'nSdiSection': 0, 'nSdiBlockType': -1, 'nSdiBlockSpeed': 0, 'nSdiBlockDist': 0, 'nSdiPlusType': -1, 'nSdiPlusSpeedLimit': 0, 'nSdiPlusDist': 0, 'nSdiPlusBlockType': -1, 'nSdiPlusBlockSpeed': 0, 'nSdiPlusBlockDist': 0, 'nTBTDist': 0, 'nTBTTurnType': 55, 'szTBTMainText': '直行进入秋湖街，5米', 'szNearDirName': '秋湖街', 'szFarDirName': '', 'nTBTNextRoadWidth': 0, 'nTBTDistNext': 0, 'nTBTTurnTypeNext': 51, 'szTBTMainTextNext': '直行', 'nGoPosDist': 28617, 'nGoPosTime': 3180, 'isNavigating': True, 'carrotCmd': 'LANECHANGE', 'carrotArg': 'RIGHT'}

--- 消息 72 ---
时间戳: 1761214882.6675072
来源: 192.168.31.103:41821
数据大小: 1012 字节
数据内容: {'carrotIndex': 835, 'epochTime': 1761214738, 'timezone': 'Asia/Shanghai', 'latitude': 31.203741, 'longitude': 120.628044, 'heading': 0, 'accuracy': 58.5, 'gps_speed': 0, 'vpPosPointLat': 31.203741, 'vpPosPointLon': 120.628044, 'nPosAngle': 0, 'nPosSpeed': 0, 'goalPosX': 120.73184296488759, 'goalPosY': 31.35797854410409, 'szGoalName': '福斯流体控制(苏州)有限公司阀门事业部(唯新路)', 'nRoadLimitSpeed': 0, 'roadcate': 6, 'szPosRoadName': '无名道路', 'nSdiType': -1, 'nSdiSpeedLimit': 0, 'nSdiDist': 0, 'nSdiSection': 0, 'nSdiBlockType': -1, 'nSdiBlockSpeed': 0, 'nSdiBlockDist': 0, 'nSdiPlusType': -1, 'nSdiPlusSpeedLimit': 0, 'nSdiPlusDist': 0, 'nSdiPlusBlockType': -1, 'nSdiPlusBlockSpeed': 0, 'nSdiPlusBlockDist': 0, 'nTBTDist': 0, 'nTBTTurnType': 55, 'szTBTMainText': '直行进入秋湖街，5米', 'szNearDirName': '秋湖街', 'szFarDirName': '', 'nTBTNextRoadWidth': 0, 'nTBTDistNext': 0, 'nTBTTurnTypeNext': 51, 'szTBTMainTextNext': '直行', 'nGoPosDist': 28617, 'nGoPosTime': 3180, 'isNavigating': True, 'carrotCmd': 'LANECHANGE', 'carrotArg': 'RIGHT'}

--- 消息 73 ---
时间戳: 1761214882.8753674
来源: 192.168.31.103:41821
数据大小: 1012 字节
数据内容: {'carrotIndex': 836, 'epochTime': 1761214738, 'timezone': 'Asia/Shanghai', 'latitude': 31.203741, 'longitude': 120.628044, 'heading': 0, 'accuracy': 58.5, 'gps_speed': 0, 'vpPosPointLat': 31.203741, 'vpPosPointLon': 120.628044, 'nPosAngle': 0, 'nPosSpeed': 0, 'goalPosX': 120.73184296488759, 'goalPosY': 31.35797854410409, 'szGoalName': '福斯流体控制(苏州)有限公司阀门事业部(唯新路)', 'nRoadLimitSpeed': 0, 'roadcate': 6, 'szPosRoadName': '无名道路', 'nSdiType': -1, 'nSdiSpeedLimit': 0, 'nSdiDist': 0, 'nSdiSection': 0, 'nSdiBlockType': -1, 'nSdiBlockSpeed': 0, 'nSdiBlockDist': 0, 'nSdiPlusType': -1, 'nSdiPlusSpeedLimit': 0, 'nSdiPlusDist': 0, 'nSdiPlusBlockType': -1, 'nSdiPlusBlockSpeed': 0, 'nSdiPlusBlockDist': 0, 'nTBTDist': 0, 'nTBTTurnType': 55, 'szTBTMainText': '直行进入秋湖街，5米', 'szNearDirName': '秋湖街', 'szFarDirName': '', 'nTBTNextRoadWidth': 0, 'nTBTDistNext': 0, 'nTBTTurnTypeNext': 51, 'szTBTMainTextNext': '直行', 'nGoPosDist': 28617, 'nGoPosTime': 3180, 'isNavigating': True, 'carrotCmd': 'LANECHANGE', 'carrotArg': 'RIGHT'}

--- 消息 74 ---
时间戳: 1761214882.90042
来源: 192.168.31.103:41821
数据大小: 142 字节
数据内容: {'carrotIndex': 837, 'epochTime': 1761214885, 'timezone': 'Asia/Shanghai', 'carrotCmd': 'heartbeat', 'carrotArg': '', 'source': 'android_app'}

--- 消息 75 ---
时间戳: 1761214883.0783
来源: 192.168.31.103:41821
数据大小: 1012 字节
数据内容: {'carrotIndex': 838, 'epochTime': 1761214738, 'timezone': 'Asia/Shanghai', 'latitude': 31.203741, 'longitude': 120.628044, 'heading': 0, 'accuracy': 58.5, 'gps_speed': 0, 'vpPosPointLat': 31.203741, 'vpPosPointLon': 120.628044, 'nPosAngle': 0, 'nPosSpeed': 0, 'goalPosX': 120.73184296488759, 'goalPosY': 31.35797854410409, 'szGoalName': '福斯流体控制(苏州)有限公司阀门事业部(唯新路)', 'nRoadLimitSpeed': 0, 'roadcate': 6, 'szPosRoadName': '无名道路', 'nSdiType': -1, 'nSdiSpeedLimit': 0, 'nSdiDist': 0, 'nSdiSection': 0, 'nSdiBlockType': -1, 'nSdiBlockSpeed': 0, 'nSdiBlockDist': 0, 'nSdiPlusType': -1, 'nSdiPlusSpeedLimit': 0, 'nSdiPlusDist': 0, 'nSdiPlusBlockType': -1, 'nSdiPlusBlockSpeed': 0, 'nSdiPlusBlockDist': 0, 'nTBTDist': 0, 'nTBTTurnType': 55, 'szTBTMainText': '直行进入秋湖街，5米', 'szNearDirName': '秋湖街', 'szFarDirName': '', 'nTBTNextRoadWidth': 0, 'nTBTDistNext': 0, 'nTBTTurnTypeNext': 51, 'szTBTMainTextNext': '直行', 'nGoPosDist': 28617, 'nGoPosTime': 3180, 'isNavigating': True, 'carrotCmd': 'LANECHANGE', 'carrotArg': 'RIGHT'}

--- 消息 76 ---
时间戳: 1761214883.259025
来源: 192.168.31.103:41821
数据大小: 1012 字节
数据内容: {'carrotIndex': 839, 'epochTime': 1761214738, 'timezone': 'Asia/Shanghai', 'latitude': 31.203741, 'longitude': 120.628044, 'heading': 0, 'accuracy': 58.5, 'gps_speed': 0, 'vpPosPointLat': 31.203741, 'vpPosPointLon': 120.628044, 'nPosAngle': 0, 'nPosSpeed': 0, 'goalPosX': 120.73184296488759, 'goalPosY': 31.35797854410409, 'szGoalName': '福斯流体控制(苏州)有限公司阀门事业部(唯新路)', 'nRoadLimitSpeed': 0, 'roadcate': 6, 'szPosRoadName': '无名道路', 'nSdiType': -1, 'nSdiSpeedLimit': 0, 'nSdiDist': 0, 'nSdiSection': 0, 'nSdiBlockType': -1, 'nSdiBlockSpeed': 0, 'nSdiBlockDist': 0, 'nSdiPlusType': -1, 'nSdiPlusSpeedLimit': 0, 'nSdiPlusDist': 0, 'nSdiPlusBlockType': -1, 'nSdiPlusBlockSpeed': 0, 'nSdiPlusBlockDist': 0, 'nTBTDist': 0, 'nTBTTurnType': 55, 'szTBTMainText': '直行进入秋湖街，5米', 'szNearDirName': '秋湖街', 'szFarDirName': '', 'nTBTNextRoadWidth': 0, 'nTBTDistNext': 0, 'nTBTTurnTypeNext': 51, 'szTBTMainTextNext': '直行', 'nGoPosDist': 28617, 'nGoPosTime': 3180, 'isNavigating': True, 'carrotCmd': 'LANECHANGE', 'carrotArg': 'RIGHT'}

--- 消息 77 ---
时间戳: 1761214883.4754412
来源: 192.168.31.103:41821
数据大小: 1012 字节
数据内容: {'carrotIndex': 840, 'epochTime': 1761214738, 'timezone': 'Asia/Shanghai', 'latitude': 31.203741, 'longitude': 120.628044, 'heading': 0, 'accuracy': 58.5, 'gps_speed': 0, 'vpPosPointLat': 31.203741, 'vpPosPointLon': 120.628044, 'nPosAngle': 0, 'nPosSpeed': 0, 'goalPosX': 120.73184296488759, 'goalPosY': 31.35797854410409, 'szGoalName': '福斯流体控制(苏州)有限公司阀门事业部(唯新路)', 'nRoadLimitSpeed': 0, 'roadcate': 6, 'szPosRoadName': '无名道路', 'nSdiType': -1, 'nSdiSpeedLimit': 0, 'nSdiDist': 0, 'nSdiSection': 0, 'nSdiBlockType': -1, 'nSdiBlockSpeed': 0, 'nSdiBlockDist': 0, 'nSdiPlusType': -1, 'nSdiPlusSpeedLimit': 0, 'nSdiPlusDist': 0, 'nSdiPlusBlockType': -1, 'nSdiPlusBlockSpeed': 0, 'nSdiPlusBlockDist': 0, 'nTBTDist': 0, 'nTBTTurnType': 55, 'szTBTMainText': '直行进入秋湖街，5米', 'szNearDirName': '秋湖街', 'szFarDirName': '', 'nTBTNextRoadWidth': 0, 'nTBTDistNext': 0, 'nTBTTurnTypeNext': 51, 'szTBTMainTextNext': '直行', 'nGoPosDist': 28617, 'nGoPosTime': 3180, 'isNavigating': True, 'carrotCmd': 'LANECHANGE', 'carrotArg': 'RIGHT'}

--- 消息 78 ---
时间戳: 1761214883.6907864
来源: 192.168.31.103:41821
数据大小: 1012 字节
数据内容: {'carrotIndex': 841, 'epochTime': 1761214738, 'timezone': 'Asia/Shanghai', 'latitude': 31.203741, 'longitude': 120.628044, 'heading': 0, 'accuracy': 58.5, 'gps_speed': 0, 'vpPosPointLat': 31.203741, 'vpPosPointLon': 120.628044, 'nPosAngle': 0, 'nPosSpeed': 0, 'goalPosX': 120.73184296488759, 'goalPosY': 31.35797854410409, 'szGoalName': '福斯流体控制(苏州)有限公司阀门事业部(唯新路)', 'nRoadLimitSpeed': 0, 'roadcate': 6, 'szPosRoadName': '无名道路', 'nSdiType': -1, 'nSdiSpeedLimit': 0, 'nSdiDist': 0, 'nSdiSection': 0, 'nSdiBlockType': -1, 'nSdiBlockSpeed': 0, 'nSdiBlockDist': 0, 'nSdiPlusType': -1, 'nSdiPlusSpeedLimit': 0, 'nSdiPlusDist': 0, 'nSdiPlusBlockType': -1, 'nSdiPlusBlockSpeed': 0, 'nSdiPlusBlockDist': 0, 'nTBTDist': 0, 'nTBTTurnType': 55, 'szTBTMainText': '直行进入秋湖街，5米', 'szNearDirName': '秋湖街', 'szFarDirName': '', 'nTBTNextRoadWidth': 0, 'nTBTDistNext': 0, 'nTBTTurnTypeNext': 51, 'szTBTMainTextNext': '直行', 'nGoPosDist': 28617, 'nGoPosTime': 3180, 'isNavigating': True, 'carrotCmd': 'LANECHANGE', 'carrotArg': 'RIGHT'}

=== 当前导航数据 ===
Carrot2: Comma3 Simulator v1.0
IsOnroad: False
CarrotRouteActive: False
ip: 192.168.31.118
port: 7706
log_carrot: 
v_cruise_kph: 0
v_ego_kph: 0
tbt_dist: 627
sdi_dist: 0
active: False
xState: 0
trafficState: 0
carrotIndex: 841
vpPosPointLat: 31.203741
vpPosPointLon: 120.628044
nPosAngle: 0
nPosSpeed: 0
nRoadLimitSpeed: 30
szPosRoadName: 无名道路
nSdiType: -1
nSdiSpeedLimit: 0
nSdiDist: 0
nTBTDist: 0
nTBTTurnType: 55
szTBTMainText: 直行进入秋湖街，5米
nGoPosDist: 28617
nGoPosTime: 3180
carrotCmd: LANECHANGE
carrotArg: RIGHT
activeCarrot: 2
xSpdType: -1
xSpdLimit: 0
xSpdDist: 0
xSpdCountDown: 100
xTurnInfo: 0
xDistToTurn: 627
xTurnCountDown: 100
atcType: 
vTurnSpeed: 0
desiredSpeed: 0
desiredSource: 
carrotCmdIndex: 840
xPosSpeed: 0
xPosAngle: 0.0
xPosLat: 31.203741
xPosLon: 120.628044
szSdiDescr: 
leftSec: 100
carrot_active_carrot: 2
carrot_active_count: 78
carrot_active_sdi_count: 198
carrot_active_sdi_count_max: 200
carrot_active_kisa_count: 0
carrot_traffic_light_q: []
carrot_traffic_light_count: -1
carrot_left_spd_sec: 100
carrot_left_tbt_sec: 100
carrot_left_sec: 100
